2001.10.08 13:15 B d:\new wwwroot\pew\abcclio.htm --> longsight.com /usr/local/etc/httpd/vhosts/www.siddall.info/pew abcclio.htm
2001.10.08 13:15 B d:\new wwwroot\pew\authcomp.htm --> longsight.com /usr/local/etc/httpd/vhosts/www.siddall.info/pew authcomp.htm
2001.10.08 13:15 B d:\new wwwroot\pew\authwref.htm --> longsight.com /usr/local/etc/httpd/vhosts/www.siddall.info/pew authwref.htm
2001.10.08 13:15 B d:\new wwwroot\pew\biblio.htm --> longsight.com /usr/local/etc/httpd/vhosts/www.siddall.info/pew biblio.htm
2001.10.08 13:15 B d:\new wwwroot\pew\bluindex.gif --> longsight.com /usr/local/etc/httpd/vhosts/www.siddall.info/pew bluindex.gif
2001.10.08 13:15 B d:\new wwwroot\pew\blunpage.gif --> longsight.com /usr/local/etc/httpd/vhosts/www.siddall.info/pew blunpage.gif
2001.10.08 13:15 B d:\new wwwroot\pew\bluppage.gif --> longsight.com /usr/local/etc/httpd/vhosts/www.siddall.info/pew bluppage.gif
2001.10.08 13:15 B d:\new wwwroot\pew\blutoc.gif --> longsight.com /usr/local/etc/httpd/vhosts/www.siddall.info/pew blutoc.gif
2001.10.08 13:15 B d:\new wwwroot\pew\boolean.htm --> longsight.com /usr/local/etc/httpd/vhosts/www.siddall.info/pew boolean.htm
2001.10.08 13:15 B d:\new wwwroot\pew\bowker.htm --> longsight.com /usr/local/etc/httpd/vhosts/www.siddall.info/pew bowker.htm
2001.10.08 13:15 B d:\new wwwroot\pew\carl.htm --> longsight.com /usr/local/etc/httpd/vhosts/www.siddall.info/pew carl.htm
2001.10.08 13:16 B d:\new wwwroot\pew\cdrom-li.htm --> longsight.com /usr/local/etc/httpd/vhosts/www.siddall.info/pew cdrom-li.htm
2001.10.08 13:16 B d:\new wwwroot\pew\collab.htm --> longsight.com /usr/local/etc/httpd/vhosts/www.siddall.info/pew collab.htm
2001.10.08 13:16 B d:\new wwwroot\pew\comsummn.htm --> longsight.com /usr/local/etc/httpd/vhosts/www.siddall.info/pew comsummn.htm
2001.10.08 13:16 B d:\new wwwroot\pew\corsware.htm --> longsight.com /usr/local/etc/httpd/vhosts/www.siddall.info/pew corsware.htm
2001.10.08 13:16 B d:\new wwwroot\pew\deskscan.htm --> longsight.com /usr/local/etc/httpd/vhosts/www.siddall.info/pew deskscan.htm
2001.10.08 13:16 B d:\new wwwroot\pew\disclist.htm --> longsight.com /usr/local/etc/httpd/vhosts/www.siddall.info/pew disclist.htm
2001.10.08 13:16 B d:\new wwwroot\pew\dscgrpmn.htm --> longsight.com /usr/local/etc/httpd/vhosts/www.siddall.info/pew dscgrpmn.htm
2001.10.08 13:16 B d:\new wwwroot\pew\ejourn.htm --> longsight.com /usr/local/etc/httpd/vhosts/www.siddall.info/pew ejourn.htm
2001.10.08 13:16 B d:\new wwwroot\pew\firstlis.htm --> longsight.com /usr/local/etc/httpd/vhosts/www.siddall.info/pew firstlis.htm
2001.10.08 13:16 B d:\new wwwroot\pew\firstsea.htm --> longsight.com /usr/local/etc/httpd/vhosts/www.siddall.info/pew firstsea.htm
2001.10.08 13:16 B d:\new wwwroot\pew\fs-sea.htm --> longsight.com /usr/local/etc/httpd/vhosts/www.siddall.info/pew fs-sea.htm
2001.10.08 13:16 B d:\new wwwroot\pew\ftp.htm --> longsight.com /usr/local/etc/httpd/vhosts/www.siddall.info/pew ftp.htm
2001.10.08 13:16 B d:\new wwwroot\pew\fulltext.htm --> longsight.com /usr/local/etc/httpd/vhosts/www.siddall.info/pew fulltext.htm
2001.10.08 13:16 B d:\new wwwroot\pew\glossary.htm --> longsight.com /usr/local/etc/httpd/vhosts/www.siddall.info/pew glossary.htm
2001.10.08 13:16 B d:\new wwwroot\pew\gopher.htm --> longsight.com /usr/local/etc/httpd/vhosts/www.siddall.info/pew gopher.htm
2001.10.08 13:16 B d:\new wwwroot\pew\gopher2.htm --> longsight.com /usr/local/etc/httpd/vhosts/www.siddall.info/pew gopher2.htm
2001.10.08 13:16 B d:\new wwwroot\pew\govinfo.htm --> longsight.com /usr/local/etc/httpd/vhosts/www.siddall.info/pew govinfo.htm
2001.10.08 13:16 B d:\new wwwroot\pew\guide.htm --> longsight.com /usr/local/etc/httpd/vhosts/www.siddall.info/pew guide.htm
2001.10.08 13:16 B d:\new wwwroot\pew\htindex.htm --> longsight.com /usr/local/etc/httpd/vhosts/www.siddall.info/pew htindex.htm
2001.10.08 13:16 B d:\new wwwroot\pew\htmlint2.htm --> longsight.com /usr/local/etc/httpd/vhosts/www.siddall.info/pew htmlint2.htm
2001.10.08 13:16 B d:\new wwwroot\pew\httoc.htm --> longsight.com /usr/local/etc/httpd/vhosts/www.siddall.info/pew httoc.htm
2001.10.08 13:17 B d:\new wwwroot\pew\httoc.htm --> longsight.com /usr/local/etc/httpd/vhosts/www.siddall.info/pew httoc.htm
2001.10.08 13:17 B d:\new wwwroot\pew\index.html --> longsight.com /usr/local/etc/httpd/vhosts/www.siddall.info/pew index.html
2001.10.08 13:17 B d:\new wwwroot\pew\infotrac.htm --> longsight.com /usr/local/etc/httpd/vhosts/www.siddall.info/pew infotrac.htm
2001.10.08 13:17 B d:\new wwwroot\pew\internet.htm --> longsight.com /usr/local/etc/httpd/vhosts/www.siddall.info/pew internet.htm
2001.10.08 13:17 B d:\new wwwroot\pew\kedt.htm --> longsight.com /usr/local/etc/httpd/vhosts/www.siddall.info/pew kedt.htm
2001.10.08 13:17 B d:\new wwwroot\pew\kermit1p.htm --> longsight.com /usr/local/etc/httpd/vhosts/www.siddall.info/pew kermit1p.htm
2001.10.08 13:17 B d:\new wwwroot\pew\kermmod.htm --> longsight.com /usr/local/etc/httpd/vhosts/www.siddall.info/pew kermmod.htm
2001.10.08 13:17 B d:\new wwwroot\pew\lexisfac.htm --> longsight.com /usr/local/etc/httpd/vhosts/www.siddall.info/pew lexisfac.htm
2001.10.08 13:17 B d:\new wwwroot\pew\lexislib.htm --> longsight.com /usr/local/etc/httpd/vhosts/www.siddall.info/pew lexislib.htm
2001.10.08 13:17 B d:\new wwwroot\pew\lexisrec.htm --> longsight.com /usr/local/etc/httpd/vhosts/www.siddall.info/pew lexisrec.htm
2001.10.08 13:17 B d:\new wwwroot\pew\lexissea.htm --> longsight.com /usr/local/etc/httpd/vhosts/www.siddall.info/pew lexissea.htm
2001.10.08 13:17 B d:\new wwwroot\pew\lynx.htm --> longsight.com /usr/local/etc/httpd/vhosts/www.siddall.info/pew lynx.htm
2001.10.08 13:17 B d:\new wwwroot\pew\mail.htm --> longsight.com /usr/local/etc/httpd/vhosts/www.siddall.info/pew mail.htm
2001.10.08 13:17 B d:\new wwwroot\pew\mediatsc.htm --> longsight.com /usr/local/etc/httpd/vhosts/www.siddall.info/pew mediatsc.htm
2001.10.08 13:17 B d:\new wwwroot\pew\mg1.gif --> longsight.com /usr/local/etc/httpd/vhosts/www.siddall.info/pew mg1.gif
2001.10.08 13:17 B d:\new wwwroot\pew\mg10.gif --> longsight.com /usr/local/etc/httpd/vhosts/www.siddall.info/pew mg10.gif
2001.10.08 13:17 B d:\new wwwroot\pew\mg11.gif --> longsight.com /usr/local/etc/httpd/vhosts/www.siddall.info/pew mg11.gif
2001.10.08 13:17 B d:\new wwwroot\pew\mg12.gif --> longsight.com /usr/local/etc/httpd/vhosts/www.siddall.info/pew mg12.gif
2001.10.08 13:17 B d:\new wwwroot\pew\mg13.gif --> longsight.com /usr/local/etc/httpd/vhosts/www.siddall.info/pew mg13.gif
2001.10.08 13:17 B d:\new wwwroot\pew\mg14.gif --> longsight.com /usr/local/etc/httpd/vhosts/www.siddall.info/pew mg14.gif
2001.10.08 13:17 B d:\new wwwroot\pew\mg15.gif --> longsight.com /usr/local/etc/httpd/vhosts/www.siddall.info/pew mg15.gif
2001.10.08 13:17 B d:\new wwwroot\pew\mg16.gif --> longsight.com /usr/local/etc/httpd/vhosts/www.siddall.info/pew mg16.gif
2001.10.08 13:17 B d:\new wwwroot\pew\mg17.gif --> longsight.com /usr/local/etc/httpd/vhosts/www.siddall.info/pew mg17.gif
2001.10.08 13:17 B d:\new wwwroot\pew\mg18.gif --> longsight.com /usr/local/etc/httpd/vhosts/www.siddall.info/pew mg18.gif
2001.10.08 13:17 B d:\new wwwroot\pew\mg19.gif --> longsight.com /usr/local/etc/httpd/vhosts/www.siddall.info/pew mg19.gif
2001.10.08 13:20 B d:\new wwwroot\pew\mg19.gif --> longsight.com /usr/local/etc/httpd/vhosts/www.siddall.info/pew mg19.gif
2001.10.08 13:20 B d:\new wwwroot\pew\mg2.gif --> longsight.com /usr/local/etc/httpd/vhosts/www.siddall.info/pew mg2.gif
2001.10.08 13:20 B d:\new wwwroot\pew\mg20.gif --> longsight.com /usr/local/etc/httpd/vhosts/www.siddall.info/pew mg20.gif
2001.10.08 13:20 B d:\new wwwroot\pew\mg21.gif --> longsight.com /usr/local/etc/httpd/vhosts/www.siddall.info/pew mg21.gif
2001.10.08 13:20 B d:\new wwwroot\pew\mg22.gif --> longsight.com /usr/local/etc/httpd/vhosts/www.siddall.info/pew mg22.gif
2001.10.08 13:20 B d:\new wwwroot\pew\mg23.gif --> longsight.com /usr/local/etc/httpd/vhosts/www.siddall.info/pew mg23.gif
2001.10.08 13:20 B d:\new wwwroot\pew\mg24.gif --> longsight.com /usr/local/etc/httpd/vhosts/www.siddall.info/pew mg24.gif
2001.10.08 13:20 B d:\new wwwroot\pew\mg25.gif --> longsight.com /usr/local/etc/httpd/vhosts/www.siddall.info/pew mg25.gif
2001.10.08 13:20 B d:\new wwwroot\pew\mg26.gif --> longsight.com /usr/local/etc/httpd/vhosts/www.siddall.info/pew mg26.gif
2001.10.08 13:20 B d:\new wwwroot\pew\mg27.gif --> longsight.com /usr/local/etc/httpd/vhosts/www.siddall.info/pew mg27.gif
2001.10.08 13:20 B d:\new wwwroot\pew\mg28.gif --> longsight.com /usr/local/etc/httpd/vhosts/www.siddall.info/pew mg28.gif
2001.10.08 13:20 B d:\new wwwroot\pew\mg29.gif --> longsight.com /usr/local/etc/httpd/vhosts/www.siddall.info/pew mg29.gif
2001.10.08 13:20 B d:\new wwwroot\pew\mg3.gif --> longsight.com /usr/local/etc/httpd/vhosts/www.siddall.info/pew mg3.gif
2001.10.08 13:20 B d:\new wwwroot\pew\mg30.gif --> longsight.com /usr/local/etc/httpd/vhosts/www.siddall.info/pew mg30.gif
2001.10.08 13:20 B d:\new wwwroot\pew\mg31.gif --> longsight.com /usr/local/etc/httpd/vhosts/www.siddall.info/pew mg31.gif
2001.10.08 13:20 B d:\new wwwroot\pew\mg32.gif --> longsight.com /usr/local/etc/httpd/vhosts/www.siddall.info/pew mg32.gif
2001.10.08 13:20 B d:\new wwwroot\pew\mg33.gif --> longsight.com /usr/local/etc/httpd/vhosts/www.siddall.info/pew mg33.gif
2001.10.08 13:20 B d:\new wwwroot\pew\mg34.gif --> longsight.com /usr/local/etc/httpd/vhosts/www.siddall.info/pew mg34.gif
2001.10.08 13:20 B d:\new wwwroot\pew\mg35.gif --> longsight.com /usr/local/etc/httpd/vhosts/www.siddall.info/pew mg35.gif
2001.10.08 13:20 B d:\new wwwroot\pew\mg36.gif --> longsight.com /usr/local/etc/httpd/vhosts/www.siddall.info/pew mg36.gif
2001.10.08 13:20 B d:\new wwwroot\pew\mg37.gif --> longsight.com /usr/local/etc/httpd/vhosts/www.siddall.info/pew mg37.gif
2001.10.08 13:20 B d:\new wwwroot\pew\mg38.gif --> longsight.com /usr/local/etc/httpd/vhosts/www.siddall.info/pew mg38.gif
2001.10.08 13:20 B d:\new wwwroot\pew\mg39.gif --> longsight.com /usr/local/etc/httpd/vhosts/www.siddall.info/pew mg39.gif
2001.10.08 13:20 B d:\new wwwroot\pew\mg4.gif --> longsight.com /usr/local/etc/httpd/vhosts/www.siddall.info/pew mg4.gif
2001.10.08 13:20 B d:\new wwwroot\pew\mg40.gif --> longsight.com /usr/local/etc/httpd/vhosts/www.siddall.info/pew mg40.gif
2001.10.08 13:20 B d:\new wwwroot\pew\mg41.gif --> longsight.com /usr/local/etc/httpd/vhosts/www.siddall.info/pew mg41.gif
2001.10.08 13:20 B d:\new wwwroot\pew\mg42.gif --> longsight.com /usr/local/etc/httpd/vhosts/www.siddall.info/pew mg42.gif
2001.10.08 13:20 B d:\new wwwroot\pew\mg43.gif --> longsight.com /usr/local/etc/httpd/vhosts/www.siddall.info/pew mg43.gif
2001.10.08 13:20 B d:\new wwwroot\pew\mg44.gif --> longsight.com /usr/local/etc/httpd/vhosts/www.siddall.info/pew mg44.gif
2001.10.08 13:20 B d:\new wwwroot\pew\mg45.gif --> longsight.com /usr/local/etc/httpd/vhosts/www.siddall.info/pew mg45.gif
2001.10.08 13:21 B d:\new wwwroot\pew\mg45.gif --> longsight.com /usr/local/etc/httpd/vhosts/www.siddall.info/pew mg45.gif
2001.10.08 13:21 B d:\new wwwroot\pew\mg46.gif --> longsight.com /usr/local/etc/httpd/vhosts/www.siddall.info/pew mg46.gif
2001.10.08 13:21 B d:\new wwwroot\pew\mg47.gif --> longsight.com /usr/local/etc/httpd/vhosts/www.siddall.info/pew mg47.gif
2001.10.08 13:21 B d:\new wwwroot\pew\mg48.gif --> longsight.com /usr/local/etc/httpd/vhosts/www.siddall.info/pew mg48.gif
2001.10.08 13:21 B d:\new wwwroot\pew\mg49.gif --> longsight.com /usr/local/etc/httpd/vhosts/www.siddall.info/pew mg49.gif
2001.10.08 13:21 B d:\new wwwroot\pew\mg5.gif --> longsight.com /usr/local/etc/httpd/vhosts/www.siddall.info/pew mg5.gif
2001.10.08 13:21 B d:\new wwwroot\pew\mg50.gif --> longsight.com /usr/local/etc/httpd/vhosts/www.siddall.info/pew mg50.gif
2001.10.08 13:21 B d:\new wwwroot\pew\mg6.gif --> longsight.com /usr/local/etc/httpd/vhosts/www.siddall.info/pew mg6.gif
2001.10.08 13:22 B d:\new wwwroot\pew\mg7.gif --> longsight.com /usr/local/etc/httpd/vhosts/www.siddall.info/pew mg7.gif
2001.10.08 13:22 B d:\new wwwroot\pew\mg7.gif --> longsight.com /usr/local/etc/httpd/vhosts/www.siddall.info/pew mg7.gif
2001.10.08 13:23 B d:\new wwwroot\pew\mg8.gif --> longsight.com /usr/local/etc/httpd/vhosts/www.siddall.info/pew mg8.gif
2001.10.08 13:23 B d:\new wwwroot\pew\mg9.gif --> longsight.com /usr/local/etc/httpd/vhosts/www.siddall.info/pew mg9.gif
2001.10.08 13:23 B d:\new wwwroot\pew\mmdevel.htm --> longsight.com /usr/local/etc/httpd/vhosts/www.siddall.info/pew mmdevel.htm
2001.10.08 13:23 B d:\new wwwroot\pew\multdesn.htm --> longsight.com /usr/local/etc/httpd/vhosts/www.siddall.info/pew multdesn.htm
2001.10.08 13:23 B d:\new wwwroot\pew\netnews.htm --> longsight.com /usr/local/etc/httpd/vhosts/www.siddall.info/pew netnews.htm
2001.10.08 13:23 B d:\new wwwroot\pew\netscape.htm --> longsight.com /usr/local/etc/httpd/vhosts/www.siddall.info/pew netscape.htm
2001.10.08 13:23 B d:\new wwwroot\pew\netware.htm --> longsight.com /usr/local/etc/httpd/vhosts/www.siddall.info/pew netware.htm
2001.10.08 13:23 B d:\new wwwroot\pew\oed.htm --> longsight.com /usr/local/etc/httpd/vhosts/www.siddall.info/pew oed.htm
2001.10.08 13:23 B d:\new wwwroot\pew\powerpt.htm --> longsight.com /usr/local/etc/httpd/vhosts/www.siddall.info/pew powerpt.htm
2001.10.08 13:23 B d:\new wwwroot\pew\progman.htm --> longsight.com /usr/local/etc/httpd/vhosts/www.siddall.info/pew progman.htm
2001.10.08 13:23 B d:\new wwwroot\pew\pubprin.htm --> longsight.com /usr/local/etc/httpd/vhosts/www.siddall.info/pew pubprin.htm
2001.10.08 13:23 B d:\new wwwroot\pew\quality.htm --> longsight.com /usr/local/etc/httpd/vhosts/www.siddall.info/pew quality.htm
2001.10.08 13:23 B d:\new wwwroot\pew\satelite.htm --> longsight.com /usr/local/etc/httpd/vhosts/www.siddall.info/pew satelite.htm
2001.10.08 13:23 B d:\new wwwroot\pew\splatter.htm --> longsight.com /usr/local/etc/httpd/vhosts/www.siddall.info/pew splatter.htm
2001.10.08 13:23 B d:\new wwwroot\pew\src_hint.htm --> longsight.com /usr/local/etc/httpd/vhosts/www.siddall.info/pew src_hint.htm
2001.10.08 13:23 B d:\new wwwroot\pew\srch_str.htm --> longsight.com /usr/local/etc/httpd/vhosts/www.siddall.info/pew srch_str.htm
2001.10.08 13:23 B d:\new wwwroot\pew\stnfacts.htm --> longsight.com /usr/local/etc/httpd/vhosts/www.siddall.info/pew stnfacts.htm
2001.10.08 13:23 B d:\new wwwroot\pew\telnet.htm --> longsight.com /usr/local/etc/httpd/vhosts/www.siddall.info/pew telnet.htm
2001.10.08 13:23 B d:\new wwwroot\pew\telnretr.htm --> longsight.com /usr/local/etc/httpd/vhosts/www.siddall.info/pew telnretr.htm
2001.10.08 13:23 B d:\new wwwroot\pew\toolbook.htm --> longsight.com /usr/local/etc/httpd/vhosts/www.siddall.info/pew toolbook.htm
2001.10.08 13:23 B d:\new wwwroot\pew\vaxnotes.htm --> longsight.com /usr/local/etc/httpd/vhosts/www.siddall.info/pew vaxnotes.htm
2001.10.08 13:23 B d:\new wwwroot\pew\winsid.htm --> longsight.com /usr/local/etc/httpd/vhosts/www.siddall.info/pew winsid.htm
2001.10.08 13:23 B d:\new wwwroot\pew\wp61.htm --> longsight.com /usr/local/etc/httpd/vhosts/www.siddall.info/pew wp61.htm
2001.10.08 13:23 B d:\new wwwroot\pew\wpdos.htm --> longsight.com /usr/local/etc/httpd/vhosts/www.siddall.info/pew wpdos.htm
