2001.10.08 13:58 B d:\new wwwroot\talks\cedar\cedar_files\blank_notes.htm --> longsight.com /usr/local/etc/httpd/vhosts/www.siddall.info/talks/cedar/cedar_files blank_notes.htm
2001.10.08 13:58 B d:\new wwwroot\talks\cedar\cedar_files\endshow.htm --> longsight.com /usr/local/etc/httpd/vhosts/www.siddall.info/talks/cedar/cedar_files endshow.htm
2001.10.08 13:58 B d:\new wwwroot\talks\cedar\cedar_files\filelist.xml --> longsight.com /usr/local/etc/httpd/vhosts/www.siddall.info/talks/cedar/cedar_files filelist.xml
2001.10.08 13:58 B d:\new wwwroot\talks\cedar\cedar_files\master03_background.gif --> longsight.com /usr/local/etc/httpd/vhosts/www.siddall.info/talks/cedar/cedar_files master03_background.gif
2001.10.08 13:58 B d:\new wwwroot\talks\cedar\cedar_files\navigation_bar.htm --> longsight.com /usr/local/etc/httpd/vhosts/www.siddall.info/talks/cedar/cedar_files navigation_bar.htm
2001.10.08 13:58 B d:\new wwwroot\talks\cedar\cedar_files\next_active.gif --> longsight.com /usr/local/etc/httpd/vhosts/www.siddall.info/talks/cedar/cedar_files next_active.gif
2001.10.08 13:58 B d:\new wwwroot\talks\cedar\cedar_files\next_disabled.gif --> longsight.com /usr/local/etc/httpd/vhosts/www.siddall.info/talks/cedar/cedar_files next_disabled.gif
2001.10.08 13:58 B d:\new wwwroot\talks\cedar\cedar_files\outline_collapse.gif --> longsight.com /usr/local/etc/httpd/vhosts/www.siddall.info/talks/cedar/cedar_files outline_collapse.gif
2001.10.08 13:58 B d:\new wwwroot\talks\cedar\cedar_files\outline_collapsed.htm --> longsight.com /usr/local/etc/httpd/vhosts/www.siddall.info/talks/cedar/cedar_files outline_collapsed.htm
2001.10.08 13:58 B d:\new wwwroot\talks\cedar\cedar_files\outline_expand.gif --> longsight.com /usr/local/etc/httpd/vhosts/www.siddall.info/talks/cedar/cedar_files outline_expand.gif
2001.10.08 13:58 B d:\new wwwroot\talks\cedar\cedar_files\outline_expanded.htm --> longsight.com /usr/local/etc/httpd/vhosts/www.siddall.info/talks/cedar/cedar_files outline_expanded.htm
2001.10.08 13:58 B d:\new wwwroot\talks\cedar\cedar_files\outline_navigation_bar.htm --> longsight.com /usr/local/etc/httpd/vhosts/www.siddall.info/talks/cedar/cedar_files outline_navigation_bar.htm
2001.10.08 13:58 B d:\new wwwroot\talks\cedar\cedar_files\prev_active.gif --> longsight.com /usr/local/etc/httpd/vhosts/www.siddall.info/talks/cedar/cedar_files prev_active.gif
2001.10.08 13:58 B d:\new wwwroot\talks\cedar\cedar_files\prev_disabled.gif --> longsight.com /usr/local/etc/httpd/vhosts/www.siddall.info/talks/cedar/cedar_files prev_disabled.gif
2001.10.08 13:58 B d:\new wwwroot\talks\cedar\cedar_files\slide0001.htm --> longsight.com /usr/local/etc/httpd/vhosts/www.siddall.info/talks/cedar/cedar_files slide0001.htm
2001.10.08 13:58 B d:\new wwwroot\talks\cedar\cedar_files\slide0002.htm --> longsight.com /usr/local/etc/httpd/vhosts/www.siddall.info/talks/cedar/cedar_files slide0002.htm
2001.10.08 13:58 B d:\new wwwroot\talks\cedar\cedar_files\slide0002_background.gif --> longsight.com /usr/local/etc/httpd/vhosts/www.siddall.info/talks/cedar/cedar_files slide0002_background.gif
2001.10.08 13:58 B d:\new wwwroot\talks\cedar\cedar_files\slide0003.htm --> longsight.com /usr/local/etc/httpd/vhosts/www.siddall.info/talks/cedar/cedar_files slide0003.htm
2001.10.08 13:59 B d:\new wwwroot\talks\cedar\cedar_files\slide0004.htm --> longsight.com /usr/local/etc/httpd/vhosts/www.siddall.info/talks/cedar/cedar_files slide0004.htm
2001.10.08 13:59 B d:\new wwwroot\talks\cedar\cedar_files\slide0004_background.gif --> longsight.com /usr/local/etc/httpd/vhosts/www.siddall.info/talks/cedar/cedar_files slide0004_background.gif
2001.10.08 13:59 B d:\new wwwroot\talks\cedar\cedar_files\slide0005.htm --> longsight.com /usr/local/etc/httpd/vhosts/www.siddall.info/talks/cedar/cedar_files slide0005.htm
2001.10.08 13:59 B d:\new wwwroot\talks\cedar\cedar_files\slide0006.htm --> longsight.com /usr/local/etc/httpd/vhosts/www.siddall.info/talks/cedar/cedar_files slide0006.htm
2001.10.08 13:59 B d:\new wwwroot\talks\cedar\cedar_files\slide0006_background.gif --> longsight.com /usr/local/etc/httpd/vhosts/www.siddall.info/talks/cedar/cedar_files slide0006_background.gif
2001.10.08 13:59 B d:\new wwwroot\talks\cedar\cedar_files\slide0006_image001.gif --> longsight.com /usr/local/etc/httpd/vhosts/www.siddall.info/talks/cedar/cedar_files slide0006_image001.gif
2001.10.08 13:59 B d:\new wwwroot\talks\cedar\cedar_files\slide0007.htm --> longsight.com /usr/local/etc/httpd/vhosts/www.siddall.info/talks/cedar/cedar_files slide0007.htm
2001.10.08 13:59 B d:\new wwwroot\talks\cedar\cedar_files\slide0007_background.gif --> longsight.com /usr/local/etc/httpd/vhosts/www.siddall.info/talks/cedar/cedar_files slide0007_background.gif
2001.10.08 13:59 B d:\new wwwroot\talks\cedar\cedar_files\slide0008.htm --> longsight.com /usr/local/etc/httpd/vhosts/www.siddall.info/talks/cedar/cedar_files slide0008.htm
2001.10.08 13:59 B d:\new wwwroot\talks\cedar\cedar_files\slide0008_background.gif --> longsight.com /usr/local/etc/httpd/vhosts/www.siddall.info/talks/cedar/cedar_files slide0008_background.gif
2001.10.08 13:59 B d:\new wwwroot\talks\cedar\cedar_files\slide0008_image002.gif --> longsight.com /usr/local/etc/httpd/vhosts/www.siddall.info/talks/cedar/cedar_files slide0008_image002.gif
2001.10.08 13:59 B d:\new wwwroot\talks\cedar\cedar_files\slide0009.htm --> longsight.com /usr/local/etc/httpd/vhosts/www.siddall.info/talks/cedar/cedar_files slide0009.htm
2001.10.08 13:59 B d:\new wwwroot\talks\cedar\cedar_files\slide0009_background.gif --> longsight.com /usr/local/etc/httpd/vhosts/www.siddall.info/talks/cedar/cedar_files slide0009_background.gif
2001.10.08 13:59 B d:\new wwwroot\talks\cedar\cedar_files\slide0009_image003.gif --> longsight.com /usr/local/etc/httpd/vhosts/www.siddall.info/talks/cedar/cedar_files slide0009_image003.gif
2001.10.08 13:59 B d:\new wwwroot\talks\cedar\cedar_files\slide0010.htm --> longsight.com /usr/local/etc/httpd/vhosts/www.siddall.info/talks/cedar/cedar_files slide0010.htm
2001.10.08 13:59 B d:\new wwwroot\talks\cedar\cedar_files\slide0010_image004.gif --> longsight.com /usr/local/etc/httpd/vhosts/www.siddall.info/talks/cedar/cedar_files slide0010_image004.gif
2001.10.08 13:59 B d:\new wwwroot\talks\cedar\cedar_files\slide0011.htm --> longsight.com /usr/local/etc/httpd/vhosts/www.siddall.info/talks/cedar/cedar_files slide0011.htm
2001.10.08 13:59 B d:\new wwwroot\talks\cedar\cedar_files\slide0012.htm --> longsight.com /usr/local/etc/httpd/vhosts/www.siddall.info/talks/cedar/cedar_files slide0012.htm
2001.10.08 13:59 B d:\new wwwroot\talks\cedar\cedar_files\slide0013.htm --> longsight.com /usr/local/etc/httpd/vhosts/www.siddall.info/talks/cedar/cedar_files slide0013.htm
2001.10.08 13:59 B d:\new wwwroot\talks\cedar\cedar_files\slide0013_image005.jpg --> longsight.com /usr/local/etc/httpd/vhosts/www.siddall.info/talks/cedar/cedar_files slide0013_image005.jpg
2001.10.08 13:59 B d:\new wwwroot\talks\cedar\cedar_files\slide0014.htm --> longsight.com /usr/local/etc/httpd/vhosts/www.siddall.info/talks/cedar/cedar_files slide0014.htm
2001.10.08 13:59 B d:\new wwwroot\talks\cedar\cedar_files\slide0015.htm --> longsight.com /usr/local/etc/httpd/vhosts/www.siddall.info/talks/cedar/cedar_files slide0015.htm
2001.10.08 13:59 B d:\new wwwroot\talks\cedar\cedar_files\slide0016.htm --> longsight.com /usr/local/etc/httpd/vhosts/www.siddall.info/talks/cedar/cedar_files slide0016.htm
2001.10.08 13:59 B d:\new wwwroot\talks\cedar\cedar_files\slide0017.htm --> longsight.com /usr/local/etc/httpd/vhosts/www.siddall.info/talks/cedar/cedar_files slide0017.htm
2001.10.08 13:59 B d:\new wwwroot\talks\cedar\cedar_files\slide0017_background.gif --> longsight.com /usr/local/etc/httpd/vhosts/www.siddall.info/talks/cedar/cedar_files slide0017_background.gif
2001.10.08 13:59 B d:\new wwwroot\talks\cedar\cedar_files\slide0018.htm --> longsight.com /usr/local/etc/httpd/vhosts/www.siddall.info/talks/cedar/cedar_files slide0018.htm
2001.10.08 13:59 B d:\new wwwroot\talks\cedar\cedar_files\slide0018_background.gif --> longsight.com /usr/local/etc/httpd/vhosts/www.siddall.info/talks/cedar/cedar_files slide0018_background.gif
2001.10.08 13:59 B d:\new wwwroot\talks\cedar\cedar_files\slide0019.htm --> longsight.com /usr/local/etc/httpd/vhosts/www.siddall.info/talks/cedar/cedar_files slide0019.htm
2001.10.08 13:59 B d:\new wwwroot\talks\cedar\cedar_files\slide0020.htm --> longsight.com /usr/local/etc/httpd/vhosts/www.siddall.info/talks/cedar/cedar_files slide0020.htm
2001.10.08 13:59 B d:\new wwwroot\talks\cedar\cedar_files\slide0021.htm --> longsight.com /usr/local/etc/httpd/vhosts/www.siddall.info/talks/cedar/cedar_files slide0021.htm
2001.10.08 13:59 B d:\new wwwroot\talks\cedar\cedar_files\slide0022.htm --> longsight.com /usr/local/etc/httpd/vhosts/www.siddall.info/talks/cedar/cedar_files slide0022.htm
2001.10.08 13:59 B d:\new wwwroot\talks\cedar\cedar_files\slide0022_image006.jpg --> longsight.com /usr/local/etc/httpd/vhosts/www.siddall.info/talks/cedar/cedar_files slide0022_image006.jpg
2001.10.08 13:59 B d:\new wwwroot\talks\cedar\cedar_files\slide0023.htm --> longsight.com /usr/local/etc/httpd/vhosts/www.siddall.info/talks/cedar/cedar_files slide0023.htm
2001.10.08 14:00 B d:\new wwwroot\talks\cedar\cedar_files\slide0023_image007.jpg --> longsight.com /usr/local/etc/httpd/vhosts/www.siddall.info/talks/cedar/cedar_files slide0023_image007.jpg
2001.10.08 14:00 B d:\new wwwroot\talks\cedar\cedar_files\slide0024.htm --> longsight.com /usr/local/etc/httpd/vhosts/www.siddall.info/talks/cedar/cedar_files slide0024.htm
2001.10.08 14:00 B d:\new wwwroot\talks\cedar\cedar_files\slide0024_background.gif --> longsight.com /usr/local/etc/httpd/vhosts/www.siddall.info/talks/cedar/cedar_files slide0024_background.gif
2001.10.08 14:00 B d:\new wwwroot\talks\cedar\cedar_files\slide0025.htm --> longsight.com /usr/local/etc/httpd/vhosts/www.siddall.info/talks/cedar/cedar_files slide0025.htm
2001.10.08 14:00 B d:\new wwwroot\talks\cedar\cedar_files\slide0026.htm --> longsight.com /usr/local/etc/httpd/vhosts/www.siddall.info/talks/cedar/cedar_files slide0026.htm
2001.10.08 14:00 B d:\new wwwroot\talks\cedar\cedar_files\slide0027.htm --> longsight.com /usr/local/etc/httpd/vhosts/www.siddall.info/talks/cedar/cedar_files slide0027.htm
2001.10.08 14:00 B d:\new wwwroot\talks\cedar\cedar_files\slide0028.htm --> longsight.com /usr/local/etc/httpd/vhosts/www.siddall.info/talks/cedar/cedar_files slide0028.htm
2001.10.08 14:00 B d:\new wwwroot\talks\cedar\cedar_files\slide0029.htm --> longsight.com /usr/local/etc/httpd/vhosts/www.siddall.info/talks/cedar/cedar_files slide0029.htm
2001.10.08 14:00 B d:\new wwwroot\talks\cedar\cedar_files\slide0029_background.gif --> longsight.com /usr/local/etc/httpd/vhosts/www.siddall.info/talks/cedar/cedar_files slide0029_background.gif
2001.10.08 14:00 B d:\new wwwroot\talks\cedar\cedar_files\slide0030.htm --> longsight.com /usr/local/etc/httpd/vhosts/www.siddall.info/talks/cedar/cedar_files slide0030.htm
2001.10.08 14:00 B d:\new wwwroot\talks\cedar\cedar_files\slide0031.htm --> longsight.com /usr/local/etc/httpd/vhosts/www.siddall.info/talks/cedar/cedar_files slide0031.htm
2001.10.08 14:00 B d:\new wwwroot\talks\cedar\cedar_files\slide0031_image008.gif --> longsight.com /usr/local/etc/httpd/vhosts/www.siddall.info/talks/cedar/cedar_files slide0031_image008.gif
2001.10.08 14:00 B d:\new wwwroot\talks\cedar\cedar_files\slide0032.htm --> longsight.com /usr/local/etc/httpd/vhosts/www.siddall.info/talks/cedar/cedar_files slide0032.htm
2001.10.08 14:00 B d:\new wwwroot\talks\cedar\cedar_files\slide0032_image009.gif --> longsight.com /usr/local/etc/httpd/vhosts/www.siddall.info/talks/cedar/cedar_files slide0032_image009.gif
2001.10.08 14:00 B d:\new wwwroot\talks\cedar\cedar_files\slide0033.htm --> longsight.com /usr/local/etc/httpd/vhosts/www.siddall.info/talks/cedar/cedar_files slide0033.htm
2001.10.08 14:00 B d:\new wwwroot\talks\cedar\cedar_files\slide0033_image010.gif --> longsight.com /usr/local/etc/httpd/vhosts/www.siddall.info/talks/cedar/cedar_files slide0033_image010.gif
2001.10.08 14:01 B d:\new wwwroot\talks\cedar\cedar_files\slide0034.htm --> longsight.com /usr/local/etc/httpd/vhosts/www.siddall.info/talks/cedar/cedar_files slide0034.htm
2001.10.08 14:01 B d:\new wwwroot\talks\cedar\cedar_files\slide0034_image011.gif --> longsight.com /usr/local/etc/httpd/vhosts/www.siddall.info/talks/cedar/cedar_files slide0034_image011.gif
2001.10.08 14:01 B d:\new wwwroot\talks\cedar\cedar_files\slide0035.htm --> longsight.com /usr/local/etc/httpd/vhosts/www.siddall.info/talks/cedar/cedar_files slide0035.htm
2001.10.08 14:01 B d:\new wwwroot\talks\cedar\cedar_files\slide0036.htm --> longsight.com /usr/local/etc/httpd/vhosts/www.siddall.info/talks/cedar/cedar_files slide0036.htm
2001.10.08 14:01 B d:\new wwwroot\talks\cedar\cedar_files\slide0037.htm --> longsight.com /usr/local/etc/httpd/vhosts/www.siddall.info/talks/cedar/cedar_files slide0037.htm
2001.10.08 14:01 B d:\new wwwroot\talks\cedar\cedar_files\slide0038.htm --> longsight.com /usr/local/etc/httpd/vhosts/www.siddall.info/talks/cedar/cedar_files slide0038.htm
2001.10.08 14:01 B d:\new wwwroot\talks\cedar\cedar_files\slide0039.htm --> longsight.com /usr/local/etc/httpd/vhosts/www.siddall.info/talks/cedar/cedar_files slide0039.htm
2001.10.08 14:01 B d:\new wwwroot\talks\cedar\cedar_files\slide0039_background.gif --> longsight.com /usr/local/etc/httpd/vhosts/www.siddall.info/talks/cedar/cedar_files slide0039_background.gif
2001.10.08 14:01 B d:\new wwwroot\talks\cedar\cedar_files\slide0040.htm --> longsight.com /usr/local/etc/httpd/vhosts/www.siddall.info/talks/cedar/cedar_files slide0040.htm
2001.10.08 14:01 B d:\new wwwroot\talks\cedar\cedar_files\slide0041.htm --> longsight.com /usr/local/etc/httpd/vhosts/www.siddall.info/talks/cedar/cedar_files slide0041.htm
2001.10.08 14:01 B d:\new wwwroot\talks\cedar\cedar_files\slide0042.htm --> longsight.com /usr/local/etc/httpd/vhosts/www.siddall.info/talks/cedar/cedar_files slide0042.htm
2001.10.08 14:01 B d:\new wwwroot\talks\cedar\cedar_files\slide0043.htm --> longsight.com /usr/local/etc/httpd/vhosts/www.siddall.info/talks/cedar/cedar_files slide0043.htm
2001.10.08 14:01 B d:\new wwwroot\talks\cedar\cedar_files\slide0044.htm --> longsight.com /usr/local/etc/httpd/vhosts/www.siddall.info/talks/cedar/cedar_files slide0044.htm
2001.10.08 14:01 B d:\new wwwroot\talks\cedar\cedar_files\slide0045.htm --> longsight.com /usr/local/etc/httpd/vhosts/www.siddall.info/talks/cedar/cedar_files slide0045.htm
2001.10.08 14:01 B d:\new wwwroot\talks\cedar\cedar_files\slide0045_background.gif --> longsight.com /usr/local/etc/httpd/vhosts/www.siddall.info/talks/cedar/cedar_files slide0045_background.gif
2001.10.08 14:01 B d:\new wwwroot\talks\cedar\cedar_files\slide0045_image012.gif --> longsight.com /usr/local/etc/httpd/vhosts/www.siddall.info/talks/cedar/cedar_files slide0045_image012.gif
2001.10.08 14:01 B d:\new wwwroot\talks\cedar\cedar_files\slide0045_image013.gif --> longsight.com /usr/local/etc/httpd/vhosts/www.siddall.info/talks/cedar/cedar_files slide0045_image013.gif
2001.10.08 14:01 B d:\new wwwroot\talks\cedar\cedar_files\slide0045_image014.gif --> longsight.com /usr/local/etc/httpd/vhosts/www.siddall.info/talks/cedar/cedar_files slide0045_image014.gif
2001.10.08 14:01 B d:\new wwwroot\talks\cedar\cedar_files\slide0045_image015.gif --> longsight.com /usr/local/etc/httpd/vhosts/www.siddall.info/talks/cedar/cedar_files slide0045_image015.gif
2001.10.08 14:01 B d:\new wwwroot\talks\cedar\cedar_files\slide0045_image016.gif --> longsight.com /usr/local/etc/httpd/vhosts/www.siddall.info/talks/cedar/cedar_files slide0045_image016.gif
2001.10.08 14:01 B d:\new wwwroot\talks\cedar\cedar_files\slide0045_image017.gif --> longsight.com /usr/local/etc/httpd/vhosts/www.siddall.info/talks/cedar/cedar_files slide0045_image017.gif
2001.10.08 14:01 B d:\new wwwroot\talks\cedar\cedar_files\slide0045_image018.gif --> longsight.com /usr/local/etc/httpd/vhosts/www.siddall.info/talks/cedar/cedar_files slide0045_image018.gif
2001.10.08 14:01 B d:\new wwwroot\talks\cedar\cedar_files\slide0046.htm --> longsight.com /usr/local/etc/httpd/vhosts/www.siddall.info/talks/cedar/cedar_files slide0046.htm
2001.10.08 14:01 B d:\new wwwroot\talks\cedar\cedar_files\slide0046_image019.gif --> longsight.com /usr/local/etc/httpd/vhosts/www.siddall.info/talks/cedar/cedar_files slide0046_image019.gif
2001.10.08 14:01 B d:\new wwwroot\talks\cedar\cedar_files\slide0046_image020.gif --> longsight.com /usr/local/etc/httpd/vhosts/www.siddall.info/talks/cedar/cedar_files slide0046_image020.gif
2001.10.08 14:01 B d:\new wwwroot\talks\cedar\cedar_files\slide0047.htm --> longsight.com /usr/local/etc/httpd/vhosts/www.siddall.info/talks/cedar/cedar_files slide0047.htm
2001.10.08 14:01 B d:\new wwwroot\talks\cedar\cedar_files\slide0048.htm --> longsight.com /usr/local/etc/httpd/vhosts/www.siddall.info/talks/cedar/cedar_files slide0048.htm
2001.10.08 14:02 B d:\new wwwroot\talks\cedar\cedar_files\slide0049.htm --> longsight.com /usr/local/etc/httpd/vhosts/www.siddall.info/talks/cedar/cedar_files slide0049.htm
2001.10.08 14:02 B d:\new wwwroot\talks\cedar\cedar_files\slide0050.htm --> longsight.com /usr/local/etc/httpd/vhosts/www.siddall.info/talks/cedar/cedar_files slide0050.htm
2001.10.08 14:02 B d:\new wwwroot\talks\cedar\cedar_files\slide0050_background.gif --> longsight.com /usr/local/etc/httpd/vhosts/www.siddall.info/talks/cedar/cedar_files slide0050_background.gif
2001.10.08 14:02 B d:\new wwwroot\talks\cedar\cedar_files\space.gif --> longsight.com /usr/local/etc/httpd/vhosts/www.siddall.info/talks/cedar/cedar_files space.gif
