2001.10.08 14:22 B d:\new wwwroot\talks\imc\imc_files\blank_notes.htm --> longsight.com /usr/local/etc/httpd/vhosts/www.siddall.info/talks/imc/imc_files blank_notes.htm
2001.10.08 14:22 B d:\new wwwroot\talks\imc\imc_files\endshow.htm --> longsight.com /usr/local/etc/httpd/vhosts/www.siddall.info/talks/imc/imc_files endshow.htm
2001.10.08 14:22 B d:\new wwwroot\talks\imc\imc_files\filelist.xml --> longsight.com /usr/local/etc/httpd/vhosts/www.siddall.info/talks/imc/imc_files filelist.xml
2001.10.08 14:22 B d:\new wwwroot\talks\imc\imc_files\master03_background.gif --> longsight.com /usr/local/etc/httpd/vhosts/www.siddall.info/talks/imc/imc_files master03_background.gif
2001.10.08 14:22 B d:\new wwwroot\talks\imc\imc_files\navigation_bar.htm --> longsight.com /usr/local/etc/httpd/vhosts/www.siddall.info/talks/imc/imc_files navigation_bar.htm
2001.10.08 14:22 B d:\new wwwroot\talks\imc\imc_files\next_active.gif --> longsight.com /usr/local/etc/httpd/vhosts/www.siddall.info/talks/imc/imc_files next_active.gif
2001.10.08 14:22 B d:\new wwwroot\talks\imc\imc_files\next_disabled.gif --> longsight.com /usr/local/etc/httpd/vhosts/www.siddall.info/talks/imc/imc_files next_disabled.gif
2001.10.08 14:22 B d:\new wwwroot\talks\imc\imc_files\outline_collapse.gif --> longsight.com /usr/local/etc/httpd/vhosts/www.siddall.info/talks/imc/imc_files outline_collapse.gif
2001.10.08 14:22 B d:\new wwwroot\talks\imc\imc_files\outline_collapsed.htm --> longsight.com /usr/local/etc/httpd/vhosts/www.siddall.info/talks/imc/imc_files outline_collapsed.htm
2001.10.08 14:22 B d:\new wwwroot\talks\imc\imc_files\outline_expand.gif --> longsight.com /usr/local/etc/httpd/vhosts/www.siddall.info/talks/imc/imc_files outline_expand.gif
2001.10.08 14:22 B d:\new wwwroot\talks\imc\imc_files\outline_expanded.htm --> longsight.com /usr/local/etc/httpd/vhosts/www.siddall.info/talks/imc/imc_files outline_expanded.htm
2001.10.08 14:22 B d:\new wwwroot\talks\imc\imc_files\outline_navigation_bar.htm --> longsight.com /usr/local/etc/httpd/vhosts/www.siddall.info/talks/imc/imc_files outline_navigation_bar.htm
2001.10.08 14:22 B d:\new wwwroot\talks\imc\imc_files\prev_active.gif --> longsight.com /usr/local/etc/httpd/vhosts/www.siddall.info/talks/imc/imc_files prev_active.gif
2001.10.08 14:22 B d:\new wwwroot\talks\imc\imc_files\prev_disabled.gif --> longsight.com /usr/local/etc/httpd/vhosts/www.siddall.info/talks/imc/imc_files prev_disabled.gif
2001.10.08 14:22 B d:\new wwwroot\talks\imc\imc_files\slide0001.htm --> longsight.com /usr/local/etc/httpd/vhosts/www.siddall.info/talks/imc/imc_files slide0001.htm
2001.10.08 14:22 B d:\new wwwroot\talks\imc\imc_files\slide0001_image001.jpg --> longsight.com /usr/local/etc/httpd/vhosts/www.siddall.info/talks/imc/imc_files slide0001_image001.jpg
2001.10.08 14:22 B d:\new wwwroot\talks\imc\imc_files\slide0001_image002.gif --> longsight.com /usr/local/etc/httpd/vhosts/www.siddall.info/talks/imc/imc_files slide0001_image002.gif
2001.10.08 14:22 B d:\new wwwroot\talks\imc\imc_files\slide0002.htm --> longsight.com /usr/local/etc/httpd/vhosts/www.siddall.info/talks/imc/imc_files slide0002.htm
2001.10.08 14:22 B d:\new wwwroot\talks\imc\imc_files\slide0003.htm --> longsight.com /usr/local/etc/httpd/vhosts/www.siddall.info/talks/imc/imc_files slide0003.htm
2001.10.08 14:22 B d:\new wwwroot\talks\imc\imc_files\slide0004.htm --> longsight.com /usr/local/etc/httpd/vhosts/www.siddall.info/talks/imc/imc_files slide0004.htm
2001.10.08 14:22 B d:\new wwwroot\talks\imc\imc_files\slide0005.htm --> longsight.com /usr/local/etc/httpd/vhosts/www.siddall.info/talks/imc/imc_files slide0005.htm
2001.10.08 14:22 B d:\new wwwroot\talks\imc\imc_files\slide0006.htm --> longsight.com /usr/local/etc/httpd/vhosts/www.siddall.info/talks/imc/imc_files slide0006.htm
2001.10.08 14:23 B d:\new wwwroot\talks\imc\imc_files\slide0007.htm --> longsight.com /usr/local/etc/httpd/vhosts/www.siddall.info/talks/imc/imc_files slide0007.htm
2001.10.08 14:23 B d:\new wwwroot\talks\imc\imc_files\slide0008.htm --> longsight.com /usr/local/etc/httpd/vhosts/www.siddall.info/talks/imc/imc_files slide0008.htm
2001.10.08 14:23 B d:\new wwwroot\talks\imc\imc_files\slide0009.htm --> longsight.com /usr/local/etc/httpd/vhosts/www.siddall.info/talks/imc/imc_files slide0009.htm
2001.10.08 14:23 B d:\new wwwroot\talks\imc\imc_files\slide0010.htm --> longsight.com /usr/local/etc/httpd/vhosts/www.siddall.info/talks/imc/imc_files slide0010.htm
2001.10.08 14:23 B d:\new wwwroot\talks\imc\imc_files\slide0011.htm --> longsight.com /usr/local/etc/httpd/vhosts/www.siddall.info/talks/imc/imc_files slide0011.htm
2001.10.08 14:23 B d:\new wwwroot\talks\imc\imc_files\slide0012.htm --> longsight.com /usr/local/etc/httpd/vhosts/www.siddall.info/talks/imc/imc_files slide0012.htm
2001.10.08 14:23 B d:\new wwwroot\talks\imc\imc_files\slide0013.htm --> longsight.com /usr/local/etc/httpd/vhosts/www.siddall.info/talks/imc/imc_files slide0013.htm
2001.10.08 14:23 B d:\new wwwroot\talks\imc\imc_files\slide0014.htm --> longsight.com /usr/local/etc/httpd/vhosts/www.siddall.info/talks/imc/imc_files slide0014.htm
2001.10.08 14:24 B d:\new wwwroot\talks\imc\imc_files\slide0015.htm --> longsight.com /usr/local/etc/httpd/vhosts/www.siddall.info/talks/imc/imc_files slide0015.htm
2001.10.08 14:24 B d:\new wwwroot\talks\imc\imc_files\slide0016.htm --> longsight.com /usr/local/etc/httpd/vhosts/www.siddall.info/talks/imc/imc_files slide0016.htm
2001.10.08 14:24 B d:\new wwwroot\talks\imc\imc_files\slide0016_image003.gif --> longsight.com /usr/local/etc/httpd/vhosts/www.siddall.info/talks/imc/imc_files slide0016_image003.gif
2001.10.08 14:24 B d:\new wwwroot\talks\imc\imc_files\slide0017.htm --> longsight.com /usr/local/etc/httpd/vhosts/www.siddall.info/talks/imc/imc_files slide0017.htm
2001.10.08 14:24 B d:\new wwwroot\talks\imc\imc_files\space.gif --> longsight.com /usr/local/etc/httpd/vhosts/www.siddall.info/talks/imc/imc_files space.gif
