2001.10.08 14:53 B d:\new wwwroot\talks\roanoke\roanoke_files\blank_notes.htm --> longsight.com /usr/local/etc/httpd/vhosts/www.siddall.info/talks/roanoke/roanoke_files blank_notes.htm
2001.10.08 14:53 B d:\new wwwroot\talks\roanoke\roanoke_files\endshow.htm --> longsight.com /usr/local/etc/httpd/vhosts/www.siddall.info/talks/roanoke/roanoke_files endshow.htm
2001.10.08 14:53 B d:\new wwwroot\talks\roanoke\roanoke_files\filelist.xml --> longsight.com /usr/local/etc/httpd/vhosts/www.siddall.info/talks/roanoke/roanoke_files filelist.xml
2001.10.08 14:53 B d:\new wwwroot\talks\roanoke\roanoke_files\master04_background.jpg --> longsight.com /usr/local/etc/httpd/vhosts/www.siddall.info/talks/roanoke/roanoke_files master04_background.jpg
2001.10.08 14:53 B d:\new wwwroot\talks\roanoke\roanoke_files\master04_image007.gif --> longsight.com /usr/local/etc/httpd/vhosts/www.siddall.info/talks/roanoke/roanoke_files master04_image007.gif
2001.10.08 14:53 B d:\new wwwroot\talks\roanoke\roanoke_files\master04_image008.gif --> longsight.com /usr/local/etc/httpd/vhosts/www.siddall.info/talks/roanoke/roanoke_files master04_image008.gif
2001.10.08 14:53 B d:\new wwwroot\talks\roanoke\roanoke_files\master04_image009.gif --> longsight.com /usr/local/etc/httpd/vhosts/www.siddall.info/talks/roanoke/roanoke_files master04_image009.gif
2001.10.08 14:53 B d:\new wwwroot\talks\roanoke\roanoke_files\master04_image010.gif --> longsight.com /usr/local/etc/httpd/vhosts/www.siddall.info/talks/roanoke/roanoke_files master04_image010.gif
2001.10.08 14:53 B d:\new wwwroot\talks\roanoke\roanoke_files\master04_image011.gif --> longsight.com /usr/local/etc/httpd/vhosts/www.siddall.info/talks/roanoke/roanoke_files master04_image011.gif
2001.10.08 14:53 B d:\new wwwroot\talks\roanoke\roanoke_files\master04_image012.gif --> longsight.com /usr/local/etc/httpd/vhosts/www.siddall.info/talks/roanoke/roanoke_files master04_image012.gif
2001.10.08 14:53 B d:\new wwwroot\talks\roanoke\roanoke_files\master04_image013.gif --> longsight.com /usr/local/etc/httpd/vhosts/www.siddall.info/talks/roanoke/roanoke_files master04_image013.gif
2001.10.08 14:53 B d:\new wwwroot\talks\roanoke\roanoke_files\master04_image014.gif --> longsight.com /usr/local/etc/httpd/vhosts/www.siddall.info/talks/roanoke/roanoke_files master04_image014.gif
2001.10.08 14:53 B d:\new wwwroot\talks\roanoke\roanoke_files\master04_image015.gif --> longsight.com /usr/local/etc/httpd/vhosts/www.siddall.info/talks/roanoke/roanoke_files master04_image015.gif
2001.10.08 14:53 B d:\new wwwroot\talks\roanoke\roanoke_files\master04_image016.gif --> longsight.com /usr/local/etc/httpd/vhosts/www.siddall.info/talks/roanoke/roanoke_files master04_image016.gif
2001.10.08 14:53 B d:\new wwwroot\talks\roanoke\roanoke_files\master04_image017.gif --> longsight.com /usr/local/etc/httpd/vhosts/www.siddall.info/talks/roanoke/roanoke_files master04_image017.gif
2001.10.08 14:53 B d:\new wwwroot\talks\roanoke\roanoke_files\master04_image018.gif --> longsight.com /usr/local/etc/httpd/vhosts/www.siddall.info/talks/roanoke/roanoke_files master04_image018.gif
2001.10.08 14:53 B d:\new wwwroot\talks\roanoke\roanoke_files\master04_image019.gif --> longsight.com /usr/local/etc/httpd/vhosts/www.siddall.info/talks/roanoke/roanoke_files master04_image019.gif
2001.10.08 14:53 B d:\new wwwroot\talks\roanoke\roanoke_files\master04_image020.gif --> longsight.com /usr/local/etc/httpd/vhosts/www.siddall.info/talks/roanoke/roanoke_files master04_image020.gif
2001.10.08 14:53 B d:\new wwwroot\talks\roanoke\roanoke_files\master04_image021.gif --> longsight.com /usr/local/etc/httpd/vhosts/www.siddall.info/talks/roanoke/roanoke_files master04_image021.gif
2001.10.08 14:53 B d:\new wwwroot\talks\roanoke\roanoke_files\master04_image022.gif --> longsight.com /usr/local/etc/httpd/vhosts/www.siddall.info/talks/roanoke/roanoke_files master04_image022.gif
2001.10.08 14:53 B d:\new wwwroot\talks\roanoke\roanoke_files\master04_image023.gif --> longsight.com /usr/local/etc/httpd/vhosts/www.siddall.info/talks/roanoke/roanoke_files master04_image023.gif
2001.10.08 14:53 B d:\new wwwroot\talks\roanoke\roanoke_files\master04_image024.gif --> longsight.com /usr/local/etc/httpd/vhosts/www.siddall.info/talks/roanoke/roanoke_files master04_image024.gif
2001.10.08 14:53 B d:\new wwwroot\talks\roanoke\roanoke_files\master04_image026.gif --> longsight.com /usr/local/etc/httpd/vhosts/www.siddall.info/talks/roanoke/roanoke_files master04_image026.gif
2001.10.08 14:53 B d:\new wwwroot\talks\roanoke\roanoke_files\master04_image027.gif --> longsight.com /usr/local/etc/httpd/vhosts/www.siddall.info/talks/roanoke/roanoke_files master04_image027.gif
2001.10.08 14:53 B d:\new wwwroot\talks\roanoke\roanoke_files\master04_image028.gif --> longsight.com /usr/local/etc/httpd/vhosts/www.siddall.info/talks/roanoke/roanoke_files master04_image028.gif
2001.10.08 14:53 B d:\new wwwroot\talks\roanoke\roanoke_files\master04_image029.gif --> longsight.com /usr/local/etc/httpd/vhosts/www.siddall.info/talks/roanoke/roanoke_files master04_image029.gif
2001.10.08 14:53 B d:\new wwwroot\talks\roanoke\roanoke_files\master04_image030.gif --> longsight.com /usr/local/etc/httpd/vhosts/www.siddall.info/talks/roanoke/roanoke_files master04_image030.gif
2001.10.08 14:53 B d:\new wwwroot\talks\roanoke\roanoke_files\master04_image031.gif --> longsight.com /usr/local/etc/httpd/vhosts/www.siddall.info/talks/roanoke/roanoke_files master04_image031.gif
2001.10.08 14:53 B d:\new wwwroot\talks\roanoke\roanoke_files\master04_image033.gif --> longsight.com /usr/local/etc/httpd/vhosts/www.siddall.info/talks/roanoke/roanoke_files master04_image033.gif
2001.10.08 14:53 B d:\new wwwroot\talks\roanoke\roanoke_files\master04_image034.gif --> longsight.com /usr/local/etc/httpd/vhosts/www.siddall.info/talks/roanoke/roanoke_files master04_image034.gif
2001.10.08 14:53 B d:\new wwwroot\talks\roanoke\roanoke_files\master04_image035.gif --> longsight.com /usr/local/etc/httpd/vhosts/www.siddall.info/talks/roanoke/roanoke_files master04_image035.gif
2001.10.08 14:53 B d:\new wwwroot\talks\roanoke\roanoke_files\master04_image037.gif --> longsight.com /usr/local/etc/httpd/vhosts/www.siddall.info/talks/roanoke/roanoke_files master04_image037.gif
2001.10.08 14:53 B d:\new wwwroot\talks\roanoke\roanoke_files\master04_image038.gif --> longsight.com /usr/local/etc/httpd/vhosts/www.siddall.info/talks/roanoke/roanoke_files master04_image038.gif
2001.10.08 14:53 B d:\new wwwroot\talks\roanoke\roanoke_files\master04_image039.gif --> longsight.com /usr/local/etc/httpd/vhosts/www.siddall.info/talks/roanoke/roanoke_files master04_image039.gif
2001.10.08 14:53 B d:\new wwwroot\talks\roanoke\roanoke_files\master04_image040.gif --> longsight.com /usr/local/etc/httpd/vhosts/www.siddall.info/talks/roanoke/roanoke_files master04_image040.gif
2001.10.08 14:53 B d:\new wwwroot\talks\roanoke\roanoke_files\master04_image041.gif --> longsight.com /usr/local/etc/httpd/vhosts/www.siddall.info/talks/roanoke/roanoke_files master04_image041.gif
2001.10.08 14:53 B d:\new wwwroot\talks\roanoke\roanoke_files\master04_image042.gif --> longsight.com /usr/local/etc/httpd/vhosts/www.siddall.info/talks/roanoke/roanoke_files master04_image042.gif
2001.10.08 14:53 B d:\new wwwroot\talks\roanoke\roanoke_files\master04_image043.gif --> longsight.com /usr/local/etc/httpd/vhosts/www.siddall.info/talks/roanoke/roanoke_files master04_image043.gif
2001.10.08 14:53 B d:\new wwwroot\talks\roanoke\roanoke_files\master04_image044.gif --> longsight.com /usr/local/etc/httpd/vhosts/www.siddall.info/talks/roanoke/roanoke_files master04_image044.gif
2001.10.08 14:53 B d:\new wwwroot\talks\roanoke\roanoke_files\master04_image045.gif --> longsight.com /usr/local/etc/httpd/vhosts/www.siddall.info/talks/roanoke/roanoke_files master04_image045.gif
2001.10.08 14:53 B d:\new wwwroot\talks\roanoke\roanoke_files\master04_image046.gif --> longsight.com /usr/local/etc/httpd/vhosts/www.siddall.info/talks/roanoke/roanoke_files master04_image046.gif
2001.10.08 14:53 B d:\new wwwroot\talks\roanoke\roanoke_files\master04_image047.gif --> longsight.com /usr/local/etc/httpd/vhosts/www.siddall.info/talks/roanoke/roanoke_files master04_image047.gif
2001.10.08 14:53 B d:\new wwwroot\talks\roanoke\roanoke_files\master04_image048.gif --> longsight.com /usr/local/etc/httpd/vhosts/www.siddall.info/talks/roanoke/roanoke_files master04_image048.gif
2001.10.08 14:53 B d:\new wwwroot\talks\roanoke\roanoke_files\master04_image049.gif --> longsight.com /usr/local/etc/httpd/vhosts/www.siddall.info/talks/roanoke/roanoke_files master04_image049.gif
2001.10.08 14:54 B d:\new wwwroot\talks\roanoke\roanoke_files\master04_image050.gif --> longsight.com /usr/local/etc/httpd/vhosts/www.siddall.info/talks/roanoke/roanoke_files master04_image050.gif
2001.10.08 14:54 B d:\new wwwroot\talks\roanoke\roanoke_files\master04_image051.gif --> longsight.com /usr/local/etc/httpd/vhosts/www.siddall.info/talks/roanoke/roanoke_files master04_image051.gif
2001.10.08 14:54 B d:\new wwwroot\talks\roanoke\roanoke_files\master04_image052.gif --> longsight.com /usr/local/etc/httpd/vhosts/www.siddall.info/talks/roanoke/roanoke_files master04_image052.gif
2001.10.08 14:54 B d:\new wwwroot\talks\roanoke\roanoke_files\master04_image053.gif --> longsight.com /usr/local/etc/httpd/vhosts/www.siddall.info/talks/roanoke/roanoke_files master04_image053.gif
2001.10.08 14:54 B d:\new wwwroot\talks\roanoke\roanoke_files\master04_image054.gif --> longsight.com /usr/local/etc/httpd/vhosts/www.siddall.info/talks/roanoke/roanoke_files master04_image054.gif
2001.10.08 14:54 B d:\new wwwroot\talks\roanoke\roanoke_files\master04_image055.gif --> longsight.com /usr/local/etc/httpd/vhosts/www.siddall.info/talks/roanoke/roanoke_files master04_image055.gif
2001.10.08 14:54 B d:\new wwwroot\talks\roanoke\roanoke_files\master04_image056.gif --> longsight.com /usr/local/etc/httpd/vhosts/www.siddall.info/talks/roanoke/roanoke_files master04_image056.gif
2001.10.08 14:54 B d:\new wwwroot\talks\roanoke\roanoke_files\master04_image057.gif --> longsight.com /usr/local/etc/httpd/vhosts/www.siddall.info/talks/roanoke/roanoke_files master04_image057.gif
2001.10.08 14:54 B d:\new wwwroot\talks\roanoke\roanoke_files\master04_image058.gif --> longsight.com /usr/local/etc/httpd/vhosts/www.siddall.info/talks/roanoke/roanoke_files master04_image058.gif
2001.10.08 14:54 B d:\new wwwroot\talks\roanoke\roanoke_files\master04_image059.gif --> longsight.com /usr/local/etc/httpd/vhosts/www.siddall.info/talks/roanoke/roanoke_files master04_image059.gif
2001.10.08 14:54 B d:\new wwwroot\talks\roanoke\roanoke_files\master04_image060.gif --> longsight.com /usr/local/etc/httpd/vhosts/www.siddall.info/talks/roanoke/roanoke_files master04_image060.gif
2001.10.08 14:54 B d:\new wwwroot\talks\roanoke\roanoke_files\master04_image061.gif --> longsight.com /usr/local/etc/httpd/vhosts/www.siddall.info/talks/roanoke/roanoke_files master04_image061.gif
2001.10.08 14:54 B d:\new wwwroot\talks\roanoke\roanoke_files\master04_image062.gif --> longsight.com /usr/local/etc/httpd/vhosts/www.siddall.info/talks/roanoke/roanoke_files master04_image062.gif
2001.10.08 14:54 B d:\new wwwroot\talks\roanoke\roanoke_files\master04_image063.gif --> longsight.com /usr/local/etc/httpd/vhosts/www.siddall.info/talks/roanoke/roanoke_files master04_image063.gif
2001.10.08 14:54 B d:\new wwwroot\talks\roanoke\roanoke_files\master04_image064.gif --> longsight.com /usr/local/etc/httpd/vhosts/www.siddall.info/talks/roanoke/roanoke_files master04_image064.gif
2001.10.08 14:54 B d:\new wwwroot\talks\roanoke\roanoke_files\master04_image065.gif --> longsight.com /usr/local/etc/httpd/vhosts/www.siddall.info/talks/roanoke/roanoke_files master04_image065.gif
2001.10.08 14:54 B d:\new wwwroot\talks\roanoke\roanoke_files\master04_image066.gif --> longsight.com /usr/local/etc/httpd/vhosts/www.siddall.info/talks/roanoke/roanoke_files master04_image066.gif
2001.10.08 14:54 B d:\new wwwroot\talks\roanoke\roanoke_files\master04_image075.gif --> longsight.com /usr/local/etc/httpd/vhosts/www.siddall.info/talks/roanoke/roanoke_files master04_image075.gif
2001.10.08 14:54 B d:\new wwwroot\talks\roanoke\roanoke_files\master04_image076.gif --> longsight.com /usr/local/etc/httpd/vhosts/www.siddall.info/talks/roanoke/roanoke_files master04_image076.gif
2001.10.08 14:54 B d:\new wwwroot\talks\roanoke\roanoke_files\master04_image077.gif --> longsight.com /usr/local/etc/httpd/vhosts/www.siddall.info/talks/roanoke/roanoke_files master04_image077.gif
2001.10.08 14:54 B d:\new wwwroot\talks\roanoke\roanoke_files\master04_image080.gif --> longsight.com /usr/local/etc/httpd/vhosts/www.siddall.info/talks/roanoke/roanoke_files master04_image080.gif
2001.10.08 14:54 B d:\new wwwroot\talks\roanoke\roanoke_files\master04_image081.gif --> longsight.com /usr/local/etc/httpd/vhosts/www.siddall.info/talks/roanoke/roanoke_files master04_image081.gif
2001.10.08 14:54 B d:\new wwwroot\talks\roanoke\roanoke_files\master04_image082.gif --> longsight.com /usr/local/etc/httpd/vhosts/www.siddall.info/talks/roanoke/roanoke_files master04_image082.gif
2001.10.08 14:54 B d:\new wwwroot\talks\roanoke\roanoke_files\master04_image083.gif --> longsight.com /usr/local/etc/httpd/vhosts/www.siddall.info/talks/roanoke/roanoke_files master04_image083.gif
2001.10.08 14:54 B d:\new wwwroot\talks\roanoke\roanoke_files\master04_image084.gif --> longsight.com /usr/local/etc/httpd/vhosts/www.siddall.info/talks/roanoke/roanoke_files master04_image084.gif
2001.10.08 14:54 B d:\new wwwroot\talks\roanoke\roanoke_files\master04_image085.gif --> longsight.com /usr/local/etc/httpd/vhosts/www.siddall.info/talks/roanoke/roanoke_files master04_image085.gif
2001.10.08 14:54 B d:\new wwwroot\talks\roanoke\roanoke_files\master04_image086.gif --> longsight.com /usr/local/etc/httpd/vhosts/www.siddall.info/talks/roanoke/roanoke_files master04_image086.gif
2001.10.08 14:54 B d:\new wwwroot\talks\roanoke\roanoke_files\master04_image087.gif --> longsight.com /usr/local/etc/httpd/vhosts/www.siddall.info/talks/roanoke/roanoke_files master04_image087.gif
2001.10.08 14:54 B d:\new wwwroot\talks\roanoke\roanoke_files\master04_image088.gif --> longsight.com /usr/local/etc/httpd/vhosts/www.siddall.info/talks/roanoke/roanoke_files master04_image088.gif
2001.10.08 14:54 B d:\new wwwroot\talks\roanoke\roanoke_files\master04_image089.gif --> longsight.com /usr/local/etc/httpd/vhosts/www.siddall.info/talks/roanoke/roanoke_files master04_image089.gif
2001.10.08 14:54 B d:\new wwwroot\talks\roanoke\roanoke_files\master04_image090.gif --> longsight.com /usr/local/etc/httpd/vhosts/www.siddall.info/talks/roanoke/roanoke_files master04_image090.gif
2001.10.08 14:54 B d:\new wwwroot\talks\roanoke\roanoke_files\master04_image091.gif --> longsight.com /usr/local/etc/httpd/vhosts/www.siddall.info/talks/roanoke/roanoke_files master04_image091.gif
2001.10.08 14:54 B d:\new wwwroot\talks\roanoke\roanoke_files\master04_image092.gif --> longsight.com /usr/local/etc/httpd/vhosts/www.siddall.info/talks/roanoke/roanoke_files master04_image092.gif
2001.10.08 14:54 B d:\new wwwroot\talks\roanoke\roanoke_files\master04_image093.gif --> longsight.com /usr/local/etc/httpd/vhosts/www.siddall.info/talks/roanoke/roanoke_files master04_image093.gif
2001.10.08 14:54 B d:\new wwwroot\talks\roanoke\roanoke_files\master04_image094.gif --> longsight.com /usr/local/etc/httpd/vhosts/www.siddall.info/talks/roanoke/roanoke_files master04_image094.gif
2001.10.08 14:54 B d:\new wwwroot\talks\roanoke\roanoke_files\master04_image095.gif --> longsight.com /usr/local/etc/httpd/vhosts/www.siddall.info/talks/roanoke/roanoke_files master04_image095.gif
2001.10.08 14:54 B d:\new wwwroot\talks\roanoke\roanoke_files\master04_image096.gif --> longsight.com /usr/local/etc/httpd/vhosts/www.siddall.info/talks/roanoke/roanoke_files master04_image096.gif
2001.10.08 14:54 B d:\new wwwroot\talks\roanoke\roanoke_files\master04_image097.gif --> longsight.com /usr/local/etc/httpd/vhosts/www.siddall.info/talks/roanoke/roanoke_files master04_image097.gif
2001.10.08 14:54 B d:\new wwwroot\talks\roanoke\roanoke_files\master04_image098.gif --> longsight.com /usr/local/etc/httpd/vhosts/www.siddall.info/talks/roanoke/roanoke_files master04_image098.gif
2001.10.08 14:54 B d:\new wwwroot\talks\roanoke\roanoke_files\master04_image099.gif --> longsight.com /usr/local/etc/httpd/vhosts/www.siddall.info/talks/roanoke/roanoke_files master04_image099.gif
2001.10.08 14:54 B d:\new wwwroot\talks\roanoke\roanoke_files\master04_image100.gif --> longsight.com /usr/local/etc/httpd/vhosts/www.siddall.info/talks/roanoke/roanoke_files master04_image100.gif
2001.10.08 14:54 B d:\new wwwroot\talks\roanoke\roanoke_files\master04_image101.gif --> longsight.com /usr/local/etc/httpd/vhosts/www.siddall.info/talks/roanoke/roanoke_files master04_image101.gif
2001.10.08 14:54 B d:\new wwwroot\talks\roanoke\roanoke_files\master04_image102.gif --> longsight.com /usr/local/etc/httpd/vhosts/www.siddall.info/talks/roanoke/roanoke_files master04_image102.gif
2001.10.08 14:54 B d:\new wwwroot\talks\roanoke\roanoke_files\master04_image103.gif --> longsight.com /usr/local/etc/httpd/vhosts/www.siddall.info/talks/roanoke/roanoke_files master04_image103.gif
2001.10.08 14:54 B d:\new wwwroot\talks\roanoke\roanoke_files\master04_image104.gif --> longsight.com /usr/local/etc/httpd/vhosts/www.siddall.info/talks/roanoke/roanoke_files master04_image104.gif
2001.10.08 14:54 B d:\new wwwroot\talks\roanoke\roanoke_files\master04_image105.gif --> longsight.com /usr/local/etc/httpd/vhosts/www.siddall.info/talks/roanoke/roanoke_files master04_image105.gif
2001.10.08 14:54 B d:\new wwwroot\talks\roanoke\roanoke_files\master04_image106.gif --> longsight.com /usr/local/etc/httpd/vhosts/www.siddall.info/talks/roanoke/roanoke_files master04_image106.gif
2001.10.08 14:54 B d:\new wwwroot\talks\roanoke\roanoke_files\master04_image107.gif --> longsight.com /usr/local/etc/httpd/vhosts/www.siddall.info/talks/roanoke/roanoke_files master04_image107.gif
2001.10.08 14:54 B d:\new wwwroot\talks\roanoke\roanoke_files\master04_image108.gif --> longsight.com /usr/local/etc/httpd/vhosts/www.siddall.info/talks/roanoke/roanoke_files master04_image108.gif
2001.10.08 14:54 B d:\new wwwroot\talks\roanoke\roanoke_files\master04_image109.gif --> longsight.com /usr/local/etc/httpd/vhosts/www.siddall.info/talks/roanoke/roanoke_files master04_image109.gif
2001.10.08 14:54 B d:\new wwwroot\talks\roanoke\roanoke_files\master04_image110.gif --> longsight.com /usr/local/etc/httpd/vhosts/www.siddall.info/talks/roanoke/roanoke_files master04_image110.gif
2001.10.08 14:55 B d:\new wwwroot\talks\roanoke\roanoke_files\master04_image111.gif --> longsight.com /usr/local/etc/httpd/vhosts/www.siddall.info/talks/roanoke/roanoke_files master04_image111.gif
2001.10.08 14:55 B d:\new wwwroot\talks\roanoke\roanoke_files\master04_image112.gif --> longsight.com /usr/local/etc/httpd/vhosts/www.siddall.info/talks/roanoke/roanoke_files master04_image112.gif
2001.10.08 14:55 B d:\new wwwroot\talks\roanoke\roanoke_files\master04_image113.gif --> longsight.com /usr/local/etc/httpd/vhosts/www.siddall.info/talks/roanoke/roanoke_files master04_image113.gif
2001.10.08 14:55 B d:\new wwwroot\talks\roanoke\roanoke_files\master04_image114.gif --> longsight.com /usr/local/etc/httpd/vhosts/www.siddall.info/talks/roanoke/roanoke_files master04_image114.gif
2001.10.08 14:55 B d:\new wwwroot\talks\roanoke\roanoke_files\master04_image115.gif --> longsight.com /usr/local/etc/httpd/vhosts/www.siddall.info/talks/roanoke/roanoke_files master04_image115.gif
2001.10.08 14:55 B d:\new wwwroot\talks\roanoke\roanoke_files\master04_image116.gif --> longsight.com /usr/local/etc/httpd/vhosts/www.siddall.info/talks/roanoke/roanoke_files master04_image116.gif
2001.10.08 14:55 B d:\new wwwroot\talks\roanoke\roanoke_files\master04_image117.gif --> longsight.com /usr/local/etc/httpd/vhosts/www.siddall.info/talks/roanoke/roanoke_files master04_image117.gif
2001.10.08 14:55 B d:\new wwwroot\talks\roanoke\roanoke_files\master04_image118.gif --> longsight.com /usr/local/etc/httpd/vhosts/www.siddall.info/talks/roanoke/roanoke_files master04_image118.gif
2001.10.08 14:55 B d:\new wwwroot\talks\roanoke\roanoke_files\master04_image119.gif --> longsight.com /usr/local/etc/httpd/vhosts/www.siddall.info/talks/roanoke/roanoke_files master04_image119.gif
2001.10.08 14:55 B d:\new wwwroot\talks\roanoke\roanoke_files\master04_image120.gif --> longsight.com /usr/local/etc/httpd/vhosts/www.siddall.info/talks/roanoke/roanoke_files master04_image120.gif
2001.10.08 14:55 B d:\new wwwroot\talks\roanoke\roanoke_files\master04_image121.gif --> longsight.com /usr/local/etc/httpd/vhosts/www.siddall.info/talks/roanoke/roanoke_files master04_image121.gif
2001.10.08 14:55 B d:\new wwwroot\talks\roanoke\roanoke_files\master04_image123.gif --> longsight.com /usr/local/etc/httpd/vhosts/www.siddall.info/talks/roanoke/roanoke_files master04_image123.gif
2001.10.08 14:55 B d:\new wwwroot\talks\roanoke\roanoke_files\master04_image124.gif --> longsight.com /usr/local/etc/httpd/vhosts/www.siddall.info/talks/roanoke/roanoke_files master04_image124.gif
2001.10.08 14:55 B d:\new wwwroot\talks\roanoke\roanoke_files\master04_image125.gif --> longsight.com /usr/local/etc/httpd/vhosts/www.siddall.info/talks/roanoke/roanoke_files master04_image125.gif
2001.10.08 14:55 B d:\new wwwroot\talks\roanoke\roanoke_files\master04_image126.gif --> longsight.com /usr/local/etc/httpd/vhosts/www.siddall.info/talks/roanoke/roanoke_files master04_image126.gif
2001.10.08 14:55 B d:\new wwwroot\talks\roanoke\roanoke_files\master04_image127.gif --> longsight.com /usr/local/etc/httpd/vhosts/www.siddall.info/talks/roanoke/roanoke_files master04_image127.gif
2001.10.08 14:55 B d:\new wwwroot\talks\roanoke\roanoke_files\master04_image128.gif --> longsight.com /usr/local/etc/httpd/vhosts/www.siddall.info/talks/roanoke/roanoke_files master04_image128.gif
2001.10.08 14:55 B d:\new wwwroot\talks\roanoke\roanoke_files\master04_image129.gif --> longsight.com /usr/local/etc/httpd/vhosts/www.siddall.info/talks/roanoke/roanoke_files master04_image129.gif
2001.10.08 14:55 B d:\new wwwroot\talks\roanoke\roanoke_files\master04_image130.gif --> longsight.com /usr/local/etc/httpd/vhosts/www.siddall.info/talks/roanoke/roanoke_files master04_image130.gif
2001.10.08 14:55 B d:\new wwwroot\talks\roanoke\roanoke_files\master04_image131.gif --> longsight.com /usr/local/etc/httpd/vhosts/www.siddall.info/talks/roanoke/roanoke_files master04_image131.gif
2001.10.08 14:55 B d:\new wwwroot\talks\roanoke\roanoke_files\master04_image132.gif --> longsight.com /usr/local/etc/httpd/vhosts/www.siddall.info/talks/roanoke/roanoke_files master04_image132.gif
2001.10.08 14:55 B d:\new wwwroot\talks\roanoke\roanoke_files\master04_image133.gif --> longsight.com /usr/local/etc/httpd/vhosts/www.siddall.info/talks/roanoke/roanoke_files master04_image133.gif
2001.10.08 14:55 B d:\new wwwroot\talks\roanoke\roanoke_files\master04_image134.gif --> longsight.com /usr/local/etc/httpd/vhosts/www.siddall.info/talks/roanoke/roanoke_files master04_image134.gif
2001.10.08 14:55 B d:\new wwwroot\talks\roanoke\roanoke_files\master04_image135.gif --> longsight.com /usr/local/etc/httpd/vhosts/www.siddall.info/talks/roanoke/roanoke_files master04_image135.gif
2001.10.08 14:55 B d:\new wwwroot\talks\roanoke\roanoke_files\master04_image136.gif --> longsight.com /usr/local/etc/httpd/vhosts/www.siddall.info/talks/roanoke/roanoke_files master04_image136.gif
2001.10.08 14:55 B d:\new wwwroot\talks\roanoke\roanoke_files\master04_image137.gif --> longsight.com /usr/local/etc/httpd/vhosts/www.siddall.info/talks/roanoke/roanoke_files master04_image137.gif
2001.10.08 14:55 B d:\new wwwroot\talks\roanoke\roanoke_files\master04_image138.gif --> longsight.com /usr/local/etc/httpd/vhosts/www.siddall.info/talks/roanoke/roanoke_files master04_image138.gif
2001.10.08 14:55 B d:\new wwwroot\talks\roanoke\roanoke_files\master04_image139.gif --> longsight.com /usr/local/etc/httpd/vhosts/www.siddall.info/talks/roanoke/roanoke_files master04_image139.gif
2001.10.08 14:55 B d:\new wwwroot\talks\roanoke\roanoke_files\master04_image140.gif --> longsight.com /usr/local/etc/httpd/vhosts/www.siddall.info/talks/roanoke/roanoke_files master04_image140.gif
2001.10.08 14:55 B d:\new wwwroot\talks\roanoke\roanoke_files\master04_image141.gif --> longsight.com /usr/local/etc/httpd/vhosts/www.siddall.info/talks/roanoke/roanoke_files master04_image141.gif
2001.10.08 14:55 B d:\new wwwroot\talks\roanoke\roanoke_files\master04_image142.gif --> longsight.com /usr/local/etc/httpd/vhosts/www.siddall.info/talks/roanoke/roanoke_files master04_image142.gif
2001.10.08 14:55 B d:\new wwwroot\talks\roanoke\roanoke_files\master04_image143.gif --> longsight.com /usr/local/etc/httpd/vhosts/www.siddall.info/talks/roanoke/roanoke_files master04_image143.gif
2001.10.08 14:55 B d:\new wwwroot\talks\roanoke\roanoke_files\master05_background.jpg --> longsight.com /usr/local/etc/httpd/vhosts/www.siddall.info/talks/roanoke/roanoke_files master05_background.jpg
2001.10.08 14:55 B d:\new wwwroot\talks\roanoke\roanoke_files\master05_image001.gif --> longsight.com /usr/local/etc/httpd/vhosts/www.siddall.info/talks/roanoke/roanoke_files master05_image001.gif
2001.10.08 14:55 B d:\new wwwroot\talks\roanoke\roanoke_files\master05_image002.gif --> longsight.com /usr/local/etc/httpd/vhosts/www.siddall.info/talks/roanoke/roanoke_files master05_image002.gif
2001.10.08 14:55 B d:\new wwwroot\talks\roanoke\roanoke_files\master05_image003.gif --> longsight.com /usr/local/etc/httpd/vhosts/www.siddall.info/talks/roanoke/roanoke_files master05_image003.gif
2001.10.08 14:55 B d:\new wwwroot\talks\roanoke\roanoke_files\master05_image004.gif --> longsight.com /usr/local/etc/httpd/vhosts/www.siddall.info/talks/roanoke/roanoke_files master05_image004.gif
2001.10.08 14:55 B d:\new wwwroot\talks\roanoke\roanoke_files\master05_image005.gif --> longsight.com /usr/local/etc/httpd/vhosts/www.siddall.info/talks/roanoke/roanoke_files master05_image005.gif
2001.10.08 14:55 B d:\new wwwroot\talks\roanoke\roanoke_files\master05_image006.gif --> longsight.com /usr/local/etc/httpd/vhosts/www.siddall.info/talks/roanoke/roanoke_files master05_image006.gif
2001.10.08 14:55 B d:\new wwwroot\talks\roanoke\roanoke_files\navigation_bar.htm --> longsight.com /usr/local/etc/httpd/vhosts/www.siddall.info/talks/roanoke/roanoke_files navigation_bar.htm
2001.10.08 14:55 B d:\new wwwroot\talks\roanoke\roanoke_files\next_active.gif --> longsight.com /usr/local/etc/httpd/vhosts/www.siddall.info/talks/roanoke/roanoke_files next_active.gif
2001.10.08 14:55 B d:\new wwwroot\talks\roanoke\roanoke_files\next_disabled.gif --> longsight.com /usr/local/etc/httpd/vhosts/www.siddall.info/talks/roanoke/roanoke_files next_disabled.gif
2001.10.08 14:55 B d:\new wwwroot\talks\roanoke\roanoke_files\outline_collapse.gif --> longsight.com /usr/local/etc/httpd/vhosts/www.siddall.info/talks/roanoke/roanoke_files outline_collapse.gif
2001.10.08 14:56 B d:\new wwwroot\talks\roanoke\roanoke_files\outline_collapsed.htm --> longsight.com /usr/local/etc/httpd/vhosts/www.siddall.info/talks/roanoke/roanoke_files outline_collapsed.htm
2001.10.08 14:56 B d:\new wwwroot\talks\roanoke\roanoke_files\outline_expand.gif --> longsight.com /usr/local/etc/httpd/vhosts/www.siddall.info/talks/roanoke/roanoke_files outline_expand.gif
2001.10.08 14:56 B d:\new wwwroot\talks\roanoke\roanoke_files\outline_expanded.htm --> longsight.com /usr/local/etc/httpd/vhosts/www.siddall.info/talks/roanoke/roanoke_files outline_expanded.htm
2001.10.08 14:56 B d:\new wwwroot\talks\roanoke\roanoke_files\outline_navigation_bar.htm --> longsight.com /usr/local/etc/httpd/vhosts/www.siddall.info/talks/roanoke/roanoke_files outline_navigation_bar.htm
2001.10.08 14:56 B d:\new wwwroot\talks\roanoke\roanoke_files\prev_active.gif --> longsight.com /usr/local/etc/httpd/vhosts/www.siddall.info/talks/roanoke/roanoke_files prev_active.gif
2001.10.08 14:56 B d:\new wwwroot\talks\roanoke\roanoke_files\prev_disabled.gif --> longsight.com /usr/local/etc/httpd/vhosts/www.siddall.info/talks/roanoke/roanoke_files prev_disabled.gif
2001.10.08 14:56 B d:\new wwwroot\talks\roanoke\roanoke_files\slide0001.htm --> longsight.com /usr/local/etc/httpd/vhosts/www.siddall.info/talks/roanoke/roanoke_files slide0001.htm
2001.10.08 14:56 B d:\new wwwroot\talks\roanoke\roanoke_files\slide0002.htm --> longsight.com /usr/local/etc/httpd/vhosts/www.siddall.info/talks/roanoke/roanoke_files slide0002.htm
2001.10.08 14:56 B d:\new wwwroot\talks\roanoke\roanoke_files\slide0004.htm --> longsight.com /usr/local/etc/httpd/vhosts/www.siddall.info/talks/roanoke/roanoke_files slide0004.htm
2001.10.08 14:56 B d:\new wwwroot\talks\roanoke\roanoke_files\slide0005.htm --> longsight.com /usr/local/etc/httpd/vhosts/www.siddall.info/talks/roanoke/roanoke_files slide0005.htm
2001.10.08 14:56 B d:\new wwwroot\talks\roanoke\roanoke_files\slide0006.htm --> longsight.com /usr/local/etc/httpd/vhosts/www.siddall.info/talks/roanoke/roanoke_files slide0006.htm
2001.10.08 14:56 B d:\new wwwroot\talks\roanoke\roanoke_files\slide0007.htm --> longsight.com /usr/local/etc/httpd/vhosts/www.siddall.info/talks/roanoke/roanoke_files slide0007.htm
2001.10.08 14:56 B d:\new wwwroot\talks\roanoke\roanoke_files\slide0007_image025.gif --> longsight.com /usr/local/etc/httpd/vhosts/www.siddall.info/talks/roanoke/roanoke_files slide0007_image025.gif
2001.10.08 14:56 B d:\new wwwroot\talks\roanoke\roanoke_files\slide0009.htm --> longsight.com /usr/local/etc/httpd/vhosts/www.siddall.info/talks/roanoke/roanoke_files slide0009.htm
2001.10.08 14:56 B d:\new wwwroot\talks\roanoke\roanoke_files\slide0010.htm --> longsight.com /usr/local/etc/httpd/vhosts/www.siddall.info/talks/roanoke/roanoke_files slide0010.htm
2001.10.08 14:56 B d:\new wwwroot\talks\roanoke\roanoke_files\slide0011.htm --> longsight.com /usr/local/etc/httpd/vhosts/www.siddall.info/talks/roanoke/roanoke_files slide0011.htm
2001.10.08 14:56 B d:\new wwwroot\talks\roanoke\roanoke_files\slide0011_image032.gif --> longsight.com /usr/local/etc/httpd/vhosts/www.siddall.info/talks/roanoke/roanoke_files slide0011_image032.gif
2001.10.08 14:56 B d:\new wwwroot\talks\roanoke\roanoke_files\slide0012.htm --> longsight.com /usr/local/etc/httpd/vhosts/www.siddall.info/talks/roanoke/roanoke_files slide0012.htm
2001.10.08 14:56 B d:\new wwwroot\talks\roanoke\roanoke_files\slide0012_image036.gif --> longsight.com /usr/local/etc/httpd/vhosts/www.siddall.info/talks/roanoke/roanoke_files slide0012_image036.gif
2001.10.08 14:56 B d:\new wwwroot\talks\roanoke\roanoke_files\slide0013.htm --> longsight.com /usr/local/etc/httpd/vhosts/www.siddall.info/talks/roanoke/roanoke_files slide0013.htm
2001.10.08 14:56 B d:\new wwwroot\talks\roanoke\roanoke_files\slide0014.htm --> longsight.com /usr/local/etc/httpd/vhosts/www.siddall.info/talks/roanoke/roanoke_files slide0014.htm
2001.10.08 14:56 B d:\new wwwroot\talks\roanoke\roanoke_files\slide0015.htm --> longsight.com /usr/local/etc/httpd/vhosts/www.siddall.info/talks/roanoke/roanoke_files slide0015.htm
2001.10.08 14:56 B d:\new wwwroot\talks\roanoke\roanoke_files\slide0016.htm --> longsight.com /usr/local/etc/httpd/vhosts/www.siddall.info/talks/roanoke/roanoke_files slide0016.htm
2001.10.08 14:56 B d:\new wwwroot\talks\roanoke\roanoke_files\slide0018.htm --> longsight.com /usr/local/etc/httpd/vhosts/www.siddall.info/talks/roanoke/roanoke_files slide0018.htm
2001.10.08 14:56 B d:\new wwwroot\talks\roanoke\roanoke_files\slide0019.htm --> longsight.com /usr/local/etc/httpd/vhosts/www.siddall.info/talks/roanoke/roanoke_files slide0019.htm
2001.10.08 14:56 B d:\new wwwroot\talks\roanoke\roanoke_files\slide0020.htm --> longsight.com /usr/local/etc/httpd/vhosts/www.siddall.info/talks/roanoke/roanoke_files slide0020.htm
2001.10.08 14:56 B d:\new wwwroot\talks\roanoke\roanoke_files\slide0020_image067.gif --> longsight.com /usr/local/etc/httpd/vhosts/www.siddall.info/talks/roanoke/roanoke_files slide0020_image067.gif
2001.10.08 14:56 B d:\new wwwroot\talks\roanoke\roanoke_files\slide0020_image068.gif --> longsight.com /usr/local/etc/httpd/vhosts/www.siddall.info/talks/roanoke/roanoke_files slide0020_image068.gif
2001.10.08 14:56 B d:\new wwwroot\talks\roanoke\roanoke_files\slide0020_image069.gif --> longsight.com /usr/local/etc/httpd/vhosts/www.siddall.info/talks/roanoke/roanoke_files slide0020_image069.gif
2001.10.08 14:56 B d:\new wwwroot\talks\roanoke\roanoke_files\slide0020_image070.gif --> longsight.com /usr/local/etc/httpd/vhosts/www.siddall.info/talks/roanoke/roanoke_files slide0020_image070.gif
2001.10.08 14:56 B d:\new wwwroot\talks\roanoke\roanoke_files\slide0020_image071.gif --> longsight.com /usr/local/etc/httpd/vhosts/www.siddall.info/talks/roanoke/roanoke_files slide0020_image071.gif
2001.10.08 14:56 B d:\new wwwroot\talks\roanoke\roanoke_files\slide0020_image072.gif --> longsight.com /usr/local/etc/httpd/vhosts/www.siddall.info/talks/roanoke/roanoke_files slide0020_image072.gif
2001.10.08 14:56 B d:\new wwwroot\talks\roanoke\roanoke_files\slide0020_image073.gif --> longsight.com /usr/local/etc/httpd/vhosts/www.siddall.info/talks/roanoke/roanoke_files slide0020_image073.gif
2001.10.08 14:56 B d:\new wwwroot\talks\roanoke\roanoke_files\slide0020_image074.gif --> longsight.com /usr/local/etc/httpd/vhosts/www.siddall.info/talks/roanoke/roanoke_files slide0020_image074.gif
2001.10.08 14:56 B d:\new wwwroot\talks\roanoke\roanoke_files\slide0021.htm --> longsight.com /usr/local/etc/httpd/vhosts/www.siddall.info/talks/roanoke/roanoke_files slide0021.htm
2001.10.08 14:56 B d:\new wwwroot\talks\roanoke\roanoke_files\slide0021_image078.gif --> longsight.com /usr/local/etc/httpd/vhosts/www.siddall.info/talks/roanoke/roanoke_files slide0021_image078.gif
2001.10.08 14:56 B d:\new wwwroot\talks\roanoke\roanoke_files\slide0021_image079.gif --> longsight.com /usr/local/etc/httpd/vhosts/www.siddall.info/talks/roanoke/roanoke_files slide0021_image079.gif
2001.10.08 14:56 B d:\new wwwroot\talks\roanoke\roanoke_files\slide0022.htm --> longsight.com /usr/local/etc/httpd/vhosts/www.siddall.info/talks/roanoke/roanoke_files slide0022.htm
2001.10.08 14:56 B d:\new wwwroot\talks\roanoke\roanoke_files\slide0023.htm --> longsight.com /usr/local/etc/httpd/vhosts/www.siddall.info/talks/roanoke/roanoke_files slide0023.htm
2001.10.08 14:56 B d:\new wwwroot\talks\roanoke\roanoke_files\slide0024.htm --> longsight.com /usr/local/etc/httpd/vhosts/www.siddall.info/talks/roanoke/roanoke_files slide0024.htm
2001.10.08 14:56 B d:\new wwwroot\talks\roanoke\roanoke_files\slide0029.htm --> longsight.com /usr/local/etc/httpd/vhosts/www.siddall.info/talks/roanoke/roanoke_files slide0029.htm
2001.10.08 14:56 B d:\new wwwroot\talks\roanoke\roanoke_files\slide0032.htm --> longsight.com /usr/local/etc/httpd/vhosts/www.siddall.info/talks/roanoke/roanoke_files slide0032.htm
2001.10.08 14:56 B d:\new wwwroot\talks\roanoke\roanoke_files\slide0034.htm --> longsight.com /usr/local/etc/httpd/vhosts/www.siddall.info/talks/roanoke/roanoke_files slide0034.htm
2001.10.08 14:57 B d:\new wwwroot\talks\roanoke\roanoke_files\slide0038.htm --> longsight.com /usr/local/etc/httpd/vhosts/www.siddall.info/talks/roanoke/roanoke_files slide0038.htm
2001.10.08 14:57 B d:\new wwwroot\talks\roanoke\roanoke_files\slide0039.htm --> longsight.com /usr/local/etc/httpd/vhosts/www.siddall.info/talks/roanoke/roanoke_files slide0039.htm
2001.10.08 14:57 B d:\new wwwroot\talks\roanoke\roanoke_files\slide0039_background.gif --> longsight.com /usr/local/etc/httpd/vhosts/www.siddall.info/talks/roanoke/roanoke_files slide0039_background.gif
2001.10.08 14:57 B d:\new wwwroot\talks\roanoke\roanoke_files\slide0041.htm --> longsight.com /usr/local/etc/httpd/vhosts/www.siddall.info/talks/roanoke/roanoke_files slide0041.htm
2001.10.08 14:57 B d:\new wwwroot\talks\roanoke\roanoke_files\slide0046.htm --> longsight.com /usr/local/etc/httpd/vhosts/www.siddall.info/talks/roanoke/roanoke_files slide0046.htm
2001.10.08 14:57 B d:\new wwwroot\talks\roanoke\roanoke_files\slide0049.htm --> longsight.com /usr/local/etc/httpd/vhosts/www.siddall.info/talks/roanoke/roanoke_files slide0049.htm
2001.10.08 14:57 B d:\new wwwroot\talks\roanoke\roanoke_files\slide0052.htm --> longsight.com /usr/local/etc/httpd/vhosts/www.siddall.info/talks/roanoke/roanoke_files slide0052.htm
2001.10.08 14:57 B d:\new wwwroot\talks\roanoke\roanoke_files\slide0056.htm --> longsight.com /usr/local/etc/httpd/vhosts/www.siddall.info/talks/roanoke/roanoke_files slide0056.htm
2001.10.08 14:57 B d:\new wwwroot\talks\roanoke\roanoke_files\slide0057.htm --> longsight.com /usr/local/etc/httpd/vhosts/www.siddall.info/talks/roanoke/roanoke_files slide0057.htm
2001.10.08 14:57 B d:\new wwwroot\talks\roanoke\roanoke_files\slide0058.htm --> longsight.com /usr/local/etc/httpd/vhosts/www.siddall.info/talks/roanoke/roanoke_files slide0058.htm
2001.10.08 14:57 B d:\new wwwroot\talks\roanoke\roanoke_files\slide0058_image122.gif --> longsight.com /usr/local/etc/httpd/vhosts/www.siddall.info/talks/roanoke/roanoke_files slide0058_image122.gif
2001.10.08 14:57 B d:\new wwwroot\talks\roanoke\roanoke_files\slide0059.htm --> longsight.com /usr/local/etc/httpd/vhosts/www.siddall.info/talks/roanoke/roanoke_files slide0059.htm
2001.10.08 14:57 B d:\new wwwroot\talks\roanoke\roanoke_files\slide0061.htm --> longsight.com /usr/local/etc/httpd/vhosts/www.siddall.info/talks/roanoke/roanoke_files slide0061.htm
2001.10.08 14:57 B d:\new wwwroot\talks\roanoke\roanoke_files\slide0061_background.gif --> longsight.com /usr/local/etc/httpd/vhosts/www.siddall.info/talks/roanoke/roanoke_files slide0061_background.gif
2001.10.08 14:57 B d:\new wwwroot\talks\roanoke\roanoke_files\slide0062.htm --> longsight.com /usr/local/etc/httpd/vhosts/www.siddall.info/talks/roanoke/roanoke_files slide0062.htm
2001.10.08 14:57 B d:\new wwwroot\talks\roanoke\roanoke_files\slide0063.htm --> longsight.com /usr/local/etc/httpd/vhosts/www.siddall.info/talks/roanoke/roanoke_files slide0063.htm
2001.10.08 14:57 B d:\new wwwroot\talks\roanoke\roanoke_files\slide0064.htm --> longsight.com /usr/local/etc/httpd/vhosts/www.siddall.info/talks/roanoke/roanoke_files slide0064.htm
2001.10.08 14:57 B d:\new wwwroot\talks\roanoke\roanoke_files\slide0064_background.gif --> longsight.com /usr/local/etc/httpd/vhosts/www.siddall.info/talks/roanoke/roanoke_files slide0064_background.gif
2001.10.08 14:57 B d:\new wwwroot\talks\roanoke\roanoke_files\slide0065.htm --> longsight.com /usr/local/etc/httpd/vhosts/www.siddall.info/talks/roanoke/roanoke_files slide0065.htm
2001.10.08 14:57 B d:\new wwwroot\talks\roanoke\roanoke_files\slide0065_background.gif --> longsight.com /usr/local/etc/httpd/vhosts/www.siddall.info/talks/roanoke/roanoke_files slide0065_background.gif
2001.10.08 14:57 B d:\new wwwroot\talks\roanoke\roanoke_files\slide0066.htm --> longsight.com /usr/local/etc/httpd/vhosts/www.siddall.info/talks/roanoke/roanoke_files slide0066.htm
2001.10.08 14:57 B d:\new wwwroot\talks\roanoke\roanoke_files\slide0068.htm --> longsight.com /usr/local/etc/httpd/vhosts/www.siddall.info/talks/roanoke/roanoke_files slide0068.htm
2001.10.08 14:57 B d:\new wwwroot\talks\roanoke\roanoke_files\slide0069.htm --> longsight.com /usr/local/etc/httpd/vhosts/www.siddall.info/talks/roanoke/roanoke_files slide0069.htm
2001.10.08 14:57 B d:\new wwwroot\talks\roanoke\roanoke_files\slide0070.htm --> longsight.com /usr/local/etc/httpd/vhosts/www.siddall.info/talks/roanoke/roanoke_files slide0070.htm
2001.10.08 14:57 B d:\new wwwroot\talks\roanoke\roanoke_files\slide0071.htm --> longsight.com /usr/local/etc/httpd/vhosts/www.siddall.info/talks/roanoke/roanoke_files slide0071.htm
2001.10.08 14:57 B d:\new wwwroot\talks\roanoke\roanoke_files\slide0072.htm --> longsight.com /usr/local/etc/httpd/vhosts/www.siddall.info/talks/roanoke/roanoke_files slide0072.htm
2001.10.08 14:57 B d:\new wwwroot\talks\roanoke\roanoke_files\slide0073.htm --> longsight.com /usr/local/etc/httpd/vhosts/www.siddall.info/talks/roanoke/roanoke_files slide0073.htm
2001.10.08 14:57 B d:\new wwwroot\talks\roanoke\roanoke_files\slide0075.htm --> longsight.com /usr/local/etc/httpd/vhosts/www.siddall.info/talks/roanoke/roanoke_files slide0075.htm
2001.10.08 14:57 B d:\new wwwroot\talks\roanoke\roanoke_files\slide0075_background.gif --> longsight.com /usr/local/etc/httpd/vhosts/www.siddall.info/talks/roanoke/roanoke_files slide0075_background.gif
2001.10.08 14:57 B d:\new wwwroot\talks\roanoke\roanoke_files\slide0076.htm --> longsight.com /usr/local/etc/httpd/vhosts/www.siddall.info/talks/roanoke/roanoke_files slide0076.htm
2001.10.08 14:57 B d:\new wwwroot\talks\roanoke\roanoke_files\space.gif --> longsight.com /usr/local/etc/httpd/vhosts/www.siddall.info/talks/roanoke/roanoke_files space.gif
