2001.10.08 14:46 B d:\new wwwroot\talks\outsource\outsource_files\blank_notes.htm --> longsight.com /usr/local/etc/httpd/vhosts/www.siddall.info/talks/outsource/outsource_files blank_notes.htm
2001.10.08 14:46 B d:\new wwwroot\talks\outsource\outsource_files\endshow.htm --> longsight.com /usr/local/etc/httpd/vhosts/www.siddall.info/talks/outsource/outsource_files endshow.htm
2001.10.08 14:46 B d:\new wwwroot\talks\outsource\outsource_files\filelist.xml --> longsight.com /usr/local/etc/httpd/vhosts/www.siddall.info/talks/outsource/outsource_files filelist.xml
2001.10.08 14:46 B d:\new wwwroot\talks\outsource\outsource_files\master04_background.gif --> longsight.com /usr/local/etc/httpd/vhosts/www.siddall.info/talks/outsource/outsource_files master04_background.gif
2001.10.08 14:46 B d:\new wwwroot\talks\outsource\outsource_files\master05_background.gif --> longsight.com /usr/local/etc/httpd/vhosts/www.siddall.info/talks/outsource/outsource_files master05_background.gif
2001.10.08 14:46 B d:\new wwwroot\talks\outsource\outsource_files\navigation_bar.htm --> longsight.com /usr/local/etc/httpd/vhosts/www.siddall.info/talks/outsource/outsource_files navigation_bar.htm
2001.10.08 14:46 B d:\new wwwroot\talks\outsource\outsource_files\next_active.gif --> longsight.com /usr/local/etc/httpd/vhosts/www.siddall.info/talks/outsource/outsource_files next_active.gif
2001.10.08 14:46 B d:\new wwwroot\talks\outsource\outsource_files\next_disabled.gif --> longsight.com /usr/local/etc/httpd/vhosts/www.siddall.info/talks/outsource/outsource_files next_disabled.gif
2001.10.08 14:46 B d:\new wwwroot\talks\outsource\outsource_files\outline_collapse.gif --> longsight.com /usr/local/etc/httpd/vhosts/www.siddall.info/talks/outsource/outsource_files outline_collapse.gif
2001.10.08 14:46 B d:\new wwwroot\talks\outsource\outsource_files\outline_collapsed.htm --> longsight.com /usr/local/etc/httpd/vhosts/www.siddall.info/talks/outsource/outsource_files outline_collapsed.htm
2001.10.08 14:46 B d:\new wwwroot\talks\outsource\outsource_files\outline_expand.gif --> longsight.com /usr/local/etc/httpd/vhosts/www.siddall.info/talks/outsource/outsource_files outline_expand.gif
2001.10.08 14:46 B d:\new wwwroot\talks\outsource\outsource_files\outline_expanded.htm --> longsight.com /usr/local/etc/httpd/vhosts/www.siddall.info/talks/outsource/outsource_files outline_expanded.htm
2001.10.08 14:46 B d:\new wwwroot\talks\outsource\outsource_files\outline_navigation_bar.htm --> longsight.com /usr/local/etc/httpd/vhosts/www.siddall.info/talks/outsource/outsource_files outline_navigation_bar.htm
2001.10.08 14:46 B d:\new wwwroot\talks\outsource\outsource_files\prev_active.gif --> longsight.com /usr/local/etc/httpd/vhosts/www.siddall.info/talks/outsource/outsource_files prev_active.gif
2001.10.08 14:46 B d:\new wwwroot\talks\outsource\outsource_files\prev_disabled.gif --> longsight.com /usr/local/etc/httpd/vhosts/www.siddall.info/talks/outsource/outsource_files prev_disabled.gif
2001.10.08 14:46 B d:\new wwwroot\talks\outsource\outsource_files\slide0001.htm --> longsight.com /usr/local/etc/httpd/vhosts/www.siddall.info/talks/outsource/outsource_files slide0001.htm
2001.10.08 14:46 B d:\new wwwroot\talks\outsource\outsource_files\slide0002.htm --> longsight.com /usr/local/etc/httpd/vhosts/www.siddall.info/talks/outsource/outsource_files slide0002.htm
2001.10.08 14:46 B d:\new wwwroot\talks\outsource\outsource_files\slide0003.htm --> longsight.com /usr/local/etc/httpd/vhosts/www.siddall.info/talks/outsource/outsource_files slide0003.htm
2001.10.08 14:46 B d:\new wwwroot\talks\outsource\outsource_files\slide0005.htm --> longsight.com /usr/local/etc/httpd/vhosts/www.siddall.info/talks/outsource/outsource_files slide0005.htm
2001.10.08 14:46 B d:\new wwwroot\talks\outsource\outsource_files\slide0006.htm --> longsight.com /usr/local/etc/httpd/vhosts/www.siddall.info/talks/outsource/outsource_files slide0006.htm
2001.10.08 14:46 B d:\new wwwroot\talks\outsource\outsource_files\slide0007.htm --> longsight.com /usr/local/etc/httpd/vhosts/www.siddall.info/talks/outsource/outsource_files slide0007.htm
2001.10.08 14:46 B d:\new wwwroot\talks\outsource\outsource_files\slide0007_image005.jpg --> longsight.com /usr/local/etc/httpd/vhosts/www.siddall.info/talks/outsource/outsource_files slide0007_image005.jpg
2001.10.08 14:46 B d:\new wwwroot\talks\outsource\outsource_files\slide0008.htm --> longsight.com /usr/local/etc/httpd/vhosts/www.siddall.info/talks/outsource/outsource_files slide0008.htm
2001.10.08 14:46 B d:\new wwwroot\talks\outsource\outsource_files\slide0008_image001.gif --> longsight.com /usr/local/etc/httpd/vhosts/www.siddall.info/talks/outsource/outsource_files slide0008_image001.gif
2001.10.08 14:46 B d:\new wwwroot\talks\outsource\outsource_files\slide0009.htm --> longsight.com /usr/local/etc/httpd/vhosts/www.siddall.info/talks/outsource/outsource_files slide0009.htm
2001.10.08 14:46 B d:\new wwwroot\talks\outsource\outsource_files\slide0009_image004.jpg --> longsight.com /usr/local/etc/httpd/vhosts/www.siddall.info/talks/outsource/outsource_files slide0009_image004.jpg
2001.10.08 14:46 B d:\new wwwroot\talks\outsource\outsource_files\slide0010.htm --> longsight.com /usr/local/etc/httpd/vhosts/www.siddall.info/talks/outsource/outsource_files slide0010.htm
2001.10.08 14:47 B d:\new wwwroot\talks\outsource\outsource_files\slide0010_image002.jpg --> longsight.com /usr/local/etc/httpd/vhosts/www.siddall.info/talks/outsource/outsource_files slide0010_image002.jpg
2001.10.08 14:47 B d:\new wwwroot\talks\outsource\outsource_files\slide0010_image003.gif --> longsight.com /usr/local/etc/httpd/vhosts/www.siddall.info/talks/outsource/outsource_files slide0010_image003.gif
2001.10.08 14:47 B d:\new wwwroot\talks\outsource\outsource_files\slide0011.htm --> longsight.com /usr/local/etc/httpd/vhosts/www.siddall.info/talks/outsource/outsource_files slide0011.htm
2001.10.08 14:47 B d:\new wwwroot\talks\outsource\outsource_files\slide0012.htm --> longsight.com /usr/local/etc/httpd/vhosts/www.siddall.info/talks/outsource/outsource_files slide0012.htm
2001.10.08 14:47 B d:\new wwwroot\talks\outsource\outsource_files\slide0013.htm --> longsight.com /usr/local/etc/httpd/vhosts/www.siddall.info/talks/outsource/outsource_files slide0013.htm
2001.10.08 14:47 B d:\new wwwroot\talks\outsource\outsource_files\slide0013_background.gif --> longsight.com /usr/local/etc/httpd/vhosts/www.siddall.info/talks/outsource/outsource_files slide0013_background.gif
2001.10.08 14:47 B d:\new wwwroot\talks\outsource\outsource_files\space.gif --> longsight.com /usr/local/etc/httpd/vhosts/www.siddall.info/talks/outsource/outsource_files space.gif
