2001.10.08 14:25 B d:\new wwwroot\talks\implications\implications_files\blank_notes.htm --> longsight.com /usr/local/etc/httpd/vhosts/www.siddall.info/talks/implications/implications_files blank_notes.htm
2001.10.08 14:25 B d:\new wwwroot\talks\implications\implications_files\buttons.gif --> longsight.com /usr/local/etc/httpd/vhosts/www.siddall.info/talks/implications/implications_files buttons.gif
2001.10.08 14:25 B d:\new wwwroot\talks\implications\implications_files\endshow.htm --> longsight.com /usr/local/etc/httpd/vhosts/www.siddall.info/talks/implications/implications_files endshow.htm
2001.10.08 14:25 B d:\new wwwroot\talks\implications\implications_files\error.htm --> longsight.com /usr/local/etc/httpd/vhosts/www.siddall.info/talks/implications/implications_files error.htm
2001.10.08 14:25 B d:\new wwwroot\talks\implications\implications_files\filelist.xml --> longsight.com /usr/local/etc/httpd/vhosts/www.siddall.info/talks/implications/implications_files filelist.xml
2001.10.08 14:25 B d:\new wwwroot\talks\implications\implications_files\frame.htm --> longsight.com /usr/local/etc/httpd/vhosts/www.siddall.info/talks/implications/implications_files frame.htm
2001.10.08 14:25 B d:\new wwwroot\talks\implications\implications_files\fullscreen.htm --> longsight.com /usr/local/etc/httpd/vhosts/www.siddall.info/talks/implications/implications_files fullscreen.htm
2001.10.08 14:25 B d:\new wwwroot\talks\implications\implications_files\image001.gif --> longsight.com /usr/local/etc/httpd/vhosts/www.siddall.info/talks/implications/implications_files image001.gif
2001.10.08 14:25 B d:\new wwwroot\talks\implications\implications_files\image004.gif --> longsight.com /usr/local/etc/httpd/vhosts/www.siddall.info/talks/implications/implications_files image004.gif
2001.10.08 14:25 B d:\new wwwroot\talks\implications\implications_files\master08.htm --> longsight.com /usr/local/etc/httpd/vhosts/www.siddall.info/talks/implications/implications_files master08.htm
2001.10.08 14:25 B d:\new wwwroot\talks\implications\implications_files\master08.xml --> longsight.com /usr/local/etc/httpd/vhosts/www.siddall.info/talks/implications/implications_files master08.xml
2001.10.08 14:25 B d:\new wwwroot\talks\implications\implications_files\master08_background.jpg --> longsight.com /usr/local/etc/httpd/vhosts/www.siddall.info/talks/implications/implications_files master08_background.jpg
2001.10.08 14:25 B d:\new wwwroot\talks\implications\implications_files\master08_image001.png --> longsight.com /usr/local/etc/httpd/vhosts/www.siddall.info/talks/implications/implications_files master08_image001.png
2001.10.08 14:25 B d:\new wwwroot\talks\implications\implications_files\master08_image003.gif --> longsight.com /usr/local/etc/httpd/vhosts/www.siddall.info/talks/implications/implications_files master08_image003.gif
2001.10.08 14:25 B d:\new wwwroot\talks\implications\implications_files\master08_stylesheet.css --> longsight.com /usr/local/etc/httpd/vhosts/www.siddall.info/talks/implications/implications_files master08_stylesheet.css
2001.10.08 14:25 B d:\new wwwroot\talks\implications\implications_files\master09.htm --> longsight.com /usr/local/etc/httpd/vhosts/www.siddall.info/talks/implications/implications_files master09.htm
2001.10.08 14:25 B d:\new wwwroot\talks\implications\implications_files\master09.xml --> longsight.com /usr/local/etc/httpd/vhosts/www.siddall.info/talks/implications/implications_files master09.xml
2001.10.08 14:25 B d:\new wwwroot\talks\implications\implications_files\master09_background.jpg --> longsight.com /usr/local/etc/httpd/vhosts/www.siddall.info/talks/implications/implications_files master09_background.jpg
2001.10.08 14:25 B d:\new wwwroot\talks\implications\implications_files\master09_image002.gif --> longsight.com /usr/local/etc/httpd/vhosts/www.siddall.info/talks/implications/implications_files master09_image002.gif
2001.10.08 14:25 B d:\new wwwroot\talks\implications\implications_files\navigation_bar.htm --> longsight.com /usr/local/etc/httpd/vhosts/www.siddall.info/talks/implications/implications_files navigation_bar.htm
2001.10.08 14:25 B d:\new wwwroot\talks\implications\implications_files\next_active.gif --> longsight.com /usr/local/etc/httpd/vhosts/www.siddall.info/talks/implications/implications_files next_active.gif
2001.10.08 14:25 B d:\new wwwroot\talks\implications\implications_files\next_disabled.gif --> longsight.com /usr/local/etc/httpd/vhosts/www.siddall.info/talks/implications/implications_files next_disabled.gif
2001.10.08 14:25 B d:\new wwwroot\talks\implications\implications_files\outline.htm --> longsight.com /usr/local/etc/httpd/vhosts/www.siddall.info/talks/implications/implications_files outline.htm
2001.10.08 14:25 B d:\new wwwroot\talks\implications\implications_files\outline_collapse.gif --> longsight.com /usr/local/etc/httpd/vhosts/www.siddall.info/talks/implications/implications_files outline_collapse.gif
2001.10.08 14:25 B d:\new wwwroot\talks\implications\implications_files\outline_collapsed.htm --> longsight.com /usr/local/etc/httpd/vhosts/www.siddall.info/talks/implications/implications_files outline_collapsed.htm
2001.10.08 14:25 B d:\new wwwroot\talks\implications\implications_files\outline_expand.gif --> longsight.com /usr/local/etc/httpd/vhosts/www.siddall.info/talks/implications/implications_files outline_expand.gif
2001.10.08 14:25 B d:\new wwwroot\talks\implications\implications_files\outline_expanded.htm --> longsight.com /usr/local/etc/httpd/vhosts/www.siddall.info/talks/implications/implications_files outline_expanded.htm
2001.10.08 14:26 B d:\new wwwroot\talks\implications\implications_files\outline_navigation_bar.htm --> longsight.com /usr/local/etc/httpd/vhosts/www.siddall.info/talks/implications/implications_files outline_navigation_bar.htm
2001.10.08 14:26 B d:\new wwwroot\talks\implications\implications_files\pres.xml --> longsight.com /usr/local/etc/httpd/vhosts/www.siddall.info/talks/implications/implications_files pres.xml
2001.10.08 14:26 B d:\new wwwroot\talks\implications\implications_files\prev_active.gif --> longsight.com /usr/local/etc/httpd/vhosts/www.siddall.info/talks/implications/implications_files prev_active.gif
2001.10.08 14:26 B d:\new wwwroot\talks\implications\implications_files\prev_disabled.gif --> longsight.com /usr/local/etc/httpd/vhosts/www.siddall.info/talks/implications/implications_files prev_disabled.gif
2001.10.08 14:26 B d:\new wwwroot\talks\implications\implications_files\preview.wmf --> longsight.com /usr/local/etc/httpd/vhosts/www.siddall.info/talks/implications/implications_files preview.wmf
2001.10.08 14:26 B d:\new wwwroot\talks\implications\implications_files\script.js --> longsight.com /usr/local/etc/httpd/vhosts/www.siddall.info/talks/implications/implications_files script.js
2001.10.08 14:26 B d:\new wwwroot\talks\implications\implications_files\slide0001.htm --> longsight.com /usr/local/etc/httpd/vhosts/www.siddall.info/talks/implications/implications_files slide0001.htm
2001.10.08 14:26 B d:\new wwwroot\talks\implications\implications_files\slide0002.htm --> longsight.com /usr/local/etc/httpd/vhosts/www.siddall.info/talks/implications/implications_files slide0002.htm
2001.10.08 14:26 B d:\new wwwroot\talks\implications\implications_files\slide0006.htm --> longsight.com /usr/local/etc/httpd/vhosts/www.siddall.info/talks/implications/implications_files slide0006.htm
2001.10.08 14:26 B d:\new wwwroot\talks\implications\implications_files\slide0007.htm --> longsight.com /usr/local/etc/httpd/vhosts/www.siddall.info/talks/implications/implications_files slide0007.htm
2001.10.08 14:26 B d:\new wwwroot\talks\implications\implications_files\slide0009.htm --> longsight.com /usr/local/etc/httpd/vhosts/www.siddall.info/talks/implications/implications_files slide0009.htm
2001.10.08 14:27 B d:\new wwwroot\talks\implications\implications_files\slide0013.htm --> longsight.com /usr/local/etc/httpd/vhosts/www.siddall.info/talks/implications/implications_files slide0013.htm
2001.10.08 14:27 B d:\new wwwroot\talks\implications\implications_files\slide0014.htm --> longsight.com /usr/local/etc/httpd/vhosts/www.siddall.info/talks/implications/implications_files slide0014.htm
2001.10.08 14:27 B d:\new wwwroot\talks\implications\implications_files\slide0015.htm --> longsight.com /usr/local/etc/httpd/vhosts/www.siddall.info/talks/implications/implications_files slide0015.htm
2001.10.08 14:27 B d:\new wwwroot\talks\implications\implications_files\slide0019.htm --> longsight.com /usr/local/etc/httpd/vhosts/www.siddall.info/talks/implications/implications_files slide0019.htm
2001.10.08 14:27 B d:\new wwwroot\talks\implications\implications_files\slide0020.htm --> longsight.com /usr/local/etc/httpd/vhosts/www.siddall.info/talks/implications/implications_files slide0020.htm
2001.10.08 14:27 B d:\new wwwroot\talks\implications\implications_files\slide0021.htm --> longsight.com /usr/local/etc/httpd/vhosts/www.siddall.info/talks/implications/implications_files slide0021.htm
2001.10.08 14:27 B d:\new wwwroot\talks\implications\implications_files\slide0022.htm --> longsight.com /usr/local/etc/httpd/vhosts/www.siddall.info/talks/implications/implications_files slide0022.htm
2001.10.08 14:27 B d:\new wwwroot\talks\implications\implications_files\slide0023.htm --> longsight.com /usr/local/etc/httpd/vhosts/www.siddall.info/talks/implications/implications_files slide0023.htm
2001.10.08 14:27 B d:\new wwwroot\talks\implications\implications_files\slide0024.htm --> longsight.com /usr/local/etc/httpd/vhosts/www.siddall.info/talks/implications/implications_files slide0024.htm
2001.10.08 14:27 B d:\new wwwroot\talks\implications\implications_files\slide0025.htm --> longsight.com /usr/local/etc/httpd/vhosts/www.siddall.info/talks/implications/implications_files slide0025.htm
2001.10.08 14:27 B d:\new wwwroot\talks\implications\implications_files\slide0026.htm --> longsight.com /usr/local/etc/httpd/vhosts/www.siddall.info/talks/implications/implications_files slide0026.htm
2001.10.08 14:27 B d:\new wwwroot\talks\implications\implications_files\space.gif --> longsight.com /usr/local/etc/httpd/vhosts/www.siddall.info/talks/implications/implications_files space.gif
